mode: set
github.com/nmelo/initech/internal/git/git.go:19.50,21.43 2 1
github.com/nmelo/initech/internal/git/git.go:21.43,23.3 1 1
github.com/nmelo/initech/internal/git/git.go:25.2,26.16 2 1
github.com/nmelo/initech/internal/git/git.go:26.16,28.3 1 1
github.com/nmelo/initech/internal/git/git.go:29.2,29.12 1 1
github.com/nmelo/initech/internal/git/git.go:34.76,36.16 2 1
github.com/nmelo/initech/internal/git/git.go:36.16,38.3 1 1
github.com/nmelo/initech/internal/git/git.go:39.2,39.12 1 1
github.com/nmelo/initech/internal/git/git.go:44.64,45.68 1 1
github.com/nmelo/initech/internal/git/git.go:45.68,47.3 1 1
github.com/nmelo/initech/internal/git/git.go:48.2,48.80 1 1
github.com/nmelo/initech/internal/git/git.go:48.80,50.3 1 0
github.com/nmelo/initech/internal/git/git.go:51.2,51.12 1 1
github.com/nmelo/initech/internal/color/color.go:22.13,25.32 1 1
github.com/nmelo/initech/internal/color/color.go:25.32,28.3 2 0
github.com/nmelo/initech/internal/color/color.go:29.2,29.33 1 1
github.com/nmelo/initech/internal/color/color.go:29.33,32.3 2 0
github.com/nmelo/initech/internal/color/color.go:33.2,34.52 2 1
github.com/nmelo/initech/internal/color/color.go:34.52,36.3 1 1
github.com/nmelo/initech/internal/color/color.go:41.40,42.27 1 1
github.com/nmelo/initech/internal/color/color.go:42.27,43.26 1 1
github.com/nmelo/initech/internal/color/color.go:43.26,45.4 1 1
github.com/nmelo/initech/internal/color/color.go:47.2,47.14 1 1
github.com/nmelo/initech/internal/color/color.go:52.25,52.40 1 1
github.com/nmelo/initech/internal/color/color.go:55.21,55.39 1 1
github.com/nmelo/initech/internal/color/color.go:68.29,68.60 1 1
github.com/nmelo/initech/internal/color/color.go:71.27,71.56 1 1
github.com/nmelo/initech/internal/color/color.go:74.30,74.62 1 1
github.com/nmelo/initech/internal/color/color.go:77.28,77.58 1 1
github.com/nmelo/initech/internal/color/color.go:80.28,80.58 1 1
github.com/nmelo/initech/internal/color/color.go:83.27,83.56 1 1
github.com/nmelo/initech/internal/color/color.go:86.28,86.58 1 1
github.com/nmelo/initech/internal/color/color.go:89.31,90.14 1 1
github.com/nmelo/initech/internal/color/color.go:90.14,92.3 1 1
github.com/nmelo/initech/internal/color/color.go:93.2,93.73 1 1
github.com/nmelo/initech/internal/color/color.go:97.34,98.14 1 1
github.com/nmelo/initech/internal/color/color.go:98.14,100.3 1 1
github.com/nmelo/initech/internal/color/color.go:101.2,101.76 1 1
github.com/nmelo/initech/internal/color/color.go:105.33,106.14 1 1
github.com/nmelo/initech/internal/color/color.go:106.14,108.3 1 1
github.com/nmelo/initech/internal/color/color.go:109.2,109.75 1 1
github.com/nmelo/initech/internal/color/color.go:113.32,114.14 1 1
github.com/nmelo/initech/internal/color/color.go:114.14,116.3 1 1
github.com/nmelo/initech/internal/color/color.go:117.2,117.74 1 1
github.com/nmelo/initech/internal/color/color.go:121.32,122.14 1 1
github.com/nmelo/initech/internal/color/color.go:122.14,124.3 1 1
github.com/nmelo/initech/internal/color/color.go:125.2,125.74 1 1
github.com/nmelo/initech/internal/color/color.go:131.38,133.16 2 1
github.com/nmelo/initech/internal/color/color.go:133.16,135.3 1 1
github.com/nmelo/initech/internal/color/color.go:136.2,136.41 1 1
github.com/nmelo/initech/internal/color/color.go:139.47,140.14 1 1
github.com/nmelo/initech/internal/color/color.go:140.14,142.3 1 1
github.com/nmelo/initech/internal/color/color.go:143.2,143.24 1 1
github.com/nmelo/initech/internal/roles/catalog.go:56.38,57.34 1 1
github.com/nmelo/initech/internal/roles/catalog.go:57.34,59.3 1 1
github.com/nmelo/initech/internal/roles/catalog.go:60.2,63.3 1 1
github.com/nmelo/initech/internal/roles/catalog.go:70.90,71.21 1 1
github.com/nmelo/initech/internal/roles/catalog.go:71.21,73.3 1 1
github.com/nmelo/initech/internal/roles/catalog.go:74.2,74.25 1 1
github.com/nmelo/initech/internal/roles/catalog.go:74.25,76.3 1 1
github.com/nmelo/initech/internal/roles/catalog.go:77.2,78.34 2 1
github.com/nmelo/initech/internal/roles/catalog.go:78.34,80.3 1 1
github.com/nmelo/initech/internal/roles/catalog.go:81.2,81.12 1 1
github.com/nmelo/initech/internal/roles/render.go:28.50,39.73 2 1
github.com/nmelo/initech/internal/roles/render.go:39.73,41.46 2 1
github.com/nmelo/initech/internal/roles/render.go:41.46,43.4 1 1
github.com/nmelo/initech/internal/roles/render.go:44.3,44.15 1 1
github.com/nmelo/initech/internal/roles/render.go:50.58,52.2 1 1
github.com/nmelo/initech/internal/roles/selector.go:53.92,54.21 1 1
github.com/nmelo/initech/internal/roles/selector.go:54.21,56.3 1 1
github.com/nmelo/initech/internal/roles/selector.go:58.2,59.16 2 0
github.com/nmelo/initech/internal/roles/selector.go:59.16,61.3 1 0
github.com/nmelo/initech/internal/roles/selector.go:62.2,66.16 4 0
github.com/nmelo/initech/internal/roles/selector.go:66.16,68.3 1 0
github.com/nmelo/initech/internal/roles/selector.go:69.2,69.15 1 0
github.com/nmelo/initech/internal/roles/selector.go:69.15,72.3 2 0
github.com/nmelo/initech/internal/roles/selector.go:74.2,75.12 2 0
github.com/nmelo/initech/internal/roles/selector.go:75.12,77.3 1 0
github.com/nmelo/initech/internal/roles/selector.go:78.2,78.11 1 0
github.com/nmelo/initech/internal/roles/selector.go:78.11,80.3 1 0
github.com/nmelo/initech/internal/roles/selector.go:82.2,83.23 2 0
github.com/nmelo/initech/internal/roles/selector.go:83.23,85.3 1 0
github.com/nmelo/initech/internal/roles/selector.go:86.2,110.12 9 0
github.com/nmelo/initech/internal/roles/selector.go:110.12,112.7 2 0
github.com/nmelo/initech/internal/roles/selector.go:112.7,114.18 2 0
github.com/nmelo/initech/internal/roles/selector.go:114.18,116.5 1 0
github.com/nmelo/initech/internal/roles/selector.go:117.4,117.11 1 0
github.com/nmelo/initech/internal/roles/selector.go:118.21,118.21 0 0
github.com/nmelo/initech/internal/roles/selector.go:119.16,120.11 1 0
github.com/nmelo/initech/internal/roles/selector.go:123.4,123.74 1 0
github.com/nmelo/initech/internal/roles/selector.go:123.74,125.5 1 0
github.com/nmelo/initech/internal/roles/selector.go:129.2,130.6 2 0
github.com/nmelo/initech/internal/roles/selector.go:130.6,131.18 1 0
github.com/nmelo/initech/internal/roles/selector.go:131.18,134.4 2 0
github.com/nmelo/initech/internal/roles/selector.go:134.9,136.4 1 0
github.com/nmelo/initech/internal/roles/selector.go:137.3,139.10 2 0
github.com/nmelo/initech/internal/roles/selector.go:140.25,141.11 1 0
github.com/nmelo/initech/internal/roles/selector.go:141.11,144.5 2 0
github.com/nmelo/initech/internal/roles/selector.go:146.4,146.18 1 0
github.com/nmelo/initech/internal/roles/selector.go:147.15,148.22 1 0
github.com/nmelo/initech/internal/roles/selector.go:149.17,150.21 1 0
github.com/nmelo/initech/internal/roles/selector.go:151.18,152.59 1 0
github.com/nmelo/initech/internal/roles/selector.go:153.18,156.39 3 0
github.com/nmelo/initech/internal/roles/selector.go:157.29,159.29 2 0
github.com/nmelo/initech/internal/roles/selector.go:160.17,162.17 1 0
github.com/nmelo/initech/internal/roles/selector.go:163.14,164.29 1 0
github.com/nmelo/initech/internal/roles/selector.go:165.14,166.32 1 0
github.com/nmelo/initech/internal/roles/selector.go:167.14,168.28 1 0
github.com/nmelo/initech/internal/roles/selector.go:169.14,170.27 1 0
github.com/nmelo/initech/internal/roles/selector.go:171.14,172.28 1 0
github.com/nmelo/initech/internal/roles/selector.go:175.19,177.20 2 0
github.com/nmelo/initech/internal/roles/selector.go:177.20,179.5 1 0
github.com/nmelo/initech/internal/roles/selector.go:180.4,180.19 1 0
github.com/nmelo/initech/internal/roles/selector.go:180.19,182.5 1 0
github.com/nmelo/initech/internal/roles/selector.go:183.4,184.22 2 0
github.com/nmelo/initech/internal/roles/selector.go:222.58,225.29 3 1
github.com/nmelo/initech/internal/roles/selector.go:225.29,226.30 1 1
github.com/nmelo/initech/internal/roles/selector.go:226.30,227.24 1 1
github.com/nmelo/initech/internal/roles/selector.go:227.24,229.5 1 1
github.com/nmelo/initech/internal/roles/selector.go:230.4,230.26 1 1
github.com/nmelo/initech/internal/roles/selector.go:232.3,232.61 1 1
github.com/nmelo/initech/internal/roles/selector.go:234.2,234.13 1 1
github.com/nmelo/initech/internal/roles/selector.go:239.57,240.25 1 1
github.com/nmelo/initech/internal/roles/selector.go:240.25,241.48 1 1
github.com/nmelo/initech/internal/roles/selector.go:241.48,243.4 1 1
github.com/nmelo/initech/internal/roles/selector.go:245.2,245.10 1 1
github.com/nmelo/initech/internal/roles/selector.go:264.35,266.11 2 1
github.com/nmelo/initech/internal/roles/selector.go:266.11,268.3 1 1
github.com/nmelo/initech/internal/roles/selector.go:269.2,269.10 1 1
github.com/nmelo/initech/internal/roles/selector.go:274.46,276.12 2 1
github.com/nmelo/initech/internal/roles/selector.go:276.12,278.3 1 1
github.com/nmelo/initech/internal/roles/selector.go:279.2,280.19 2 1
github.com/nmelo/initech/internal/roles/selector.go:285.39,289.22 3 1
github.com/nmelo/initech/internal/roles/selector.go:289.22,291.3 1 1
github.com/nmelo/initech/internal/roles/selector.go:292.2,292.28 1 1
github.com/nmelo/initech/internal/roles/selector.go:292.28,294.3 1 1
github.com/nmelo/initech/internal/roles/selector.go:296.2,297.19 2 1
github.com/nmelo/initech/internal/roles/selector.go:297.19,299.3 1 1
github.com/nmelo/initech/internal/roles/selector.go:300.2,300.26 1 1
github.com/nmelo/initech/internal/roles/selector.go:300.26,302.3 1 1
github.com/nmelo/initech/internal/roles/selector.go:303.2,303.18 1 1
github.com/nmelo/initech/internal/roles/selector.go:303.18,305.3 1 1
github.com/nmelo/initech/internal/roles/selector.go:309.51,311.27 2 1
github.com/nmelo/initech/internal/roles/selector.go:311.27,312.17 1 1
github.com/nmelo/initech/internal/roles/selector.go:312.17,314.4 1 1
github.com/nmelo/initech/internal/roles/selector.go:316.2,316.14 1 1
github.com/nmelo/initech/internal/roles/selector.go:323.52,328.22 3 1
github.com/nmelo/initech/internal/roles/selector.go:328.22,330.3 1 0
github.com/nmelo/initech/internal/roles/selector.go:331.2,337.18 5 1
github.com/nmelo/initech/internal/roles/selector.go:337.18,339.3 1 1
github.com/nmelo/initech/internal/roles/selector.go:339.8,341.3 1 1
github.com/nmelo/initech/internal/roles/selector.go:344.2,346.23 3 1
github.com/nmelo/initech/internal/roles/selector.go:346.23,348.3 1 1
github.com/nmelo/initech/internal/roles/selector.go:349.2,350.29 2 1
github.com/nmelo/initech/internal/roles/selector.go:350.29,353.3 2 1
github.com/nmelo/initech/internal/roles/selector.go:355.2,355.39 1 1
github.com/nmelo/initech/internal/roles/selector.go:355.39,357.3 1 1
github.com/nmelo/initech/internal/roles/selector.go:360.2,360.23 1 1
github.com/nmelo/initech/internal/roles/selector.go:360.23,362.3 1 1
github.com/nmelo/initech/internal/roles/selector.go:362.8,364.3 1 1
github.com/nmelo/initech/internal/roles/selector.go:367.2,369.29 3 1
github.com/nmelo/initech/internal/roles/selector.go:369.29,370.17 1 1
github.com/nmelo/initech/internal/roles/selector.go:370.17,372.4 1 1
github.com/nmelo/initech/internal/roles/selector.go:374.2,378.81 3 1
github.com/nmelo/initech/internal/roles/selector.go:378.81,380.3 1 0
github.com/nmelo/initech/internal/roles/selector.go:384.93,385.17 1 1
github.com/nmelo/initech/internal/roles/selector.go:386.17,387.83 1 1
github.com/nmelo/initech/internal/roles/selector.go:388.15,389.55 1 1
github.com/nmelo/initech/internal/roles/selector.go:395.76,399.18 3 1
github.com/nmelo/initech/internal/roles/selector.go:399.18,401.3 1 1
github.com/nmelo/initech/internal/roles/selector.go:402.2,405.20 3 1
github.com/nmelo/initech/internal/roles/selector.go:405.20,407.3 1 1
github.com/nmelo/initech/internal/roles/selector.go:410.2,412.15 3 1
github.com/nmelo/initech/internal/roles/selector.go:412.15,414.3 1 1
github.com/nmelo/initech/internal/roles/selector.go:415.2,416.15 2 1
github.com/nmelo/initech/internal/roles/selector.go:416.15,418.3 1 0
github.com/nmelo/initech/internal/roles/selector.go:420.2,422.12 2 1
github.com/nmelo/initech/internal/roles/selector.go:422.12,425.16 2 1
github.com/nmelo/initech/internal/roles/selector.go:425.16,427.4 1 1
github.com/nmelo/initech/internal/roles/selector.go:428.3,430.9 3 1
github.com/nmelo/initech/internal/roles/selector.go:434.2,436.18 3 1
github.com/nmelo/initech/internal/roles/selector.go:436.18,438.3 1 1
github.com/nmelo/initech/internal/roles/selector.go:438.8,440.3 1 1
github.com/nmelo/initech/internal/roles/selector.go:441.2,444.15 4 1
github.com/nmelo/initech/internal/roles/selector.go:444.15,446.3 1 1
github.com/nmelo/initech/internal/roles/selector.go:447.2,447.57 1 1
github.com/nmelo/initech/internal/roles/selector.go:451.42,453.2 1 1
github.com/nmelo/initech/internal/roles/selector.go:456.39,458.21 2 1
github.com/nmelo/initech/internal/roles/selector.go:458.21,460.3 1 1
github.com/nmelo/initech/internal/roles/selector.go:461.2,461.46 1 1
github.com/nmelo/initech/internal/roles/selector.go:465.42,466.11 1 1
github.com/nmelo/initech/internal/roles/selector.go:466.11,468.3 1 1
github.com/nmelo/initech/internal/roles/selector.go:469.2,470.21 2 1
github.com/nmelo/initech/internal/roles/selector.go:470.21,472.3 1 1
github.com/nmelo/initech/internal/roles/selector.go:473.2,473.26 1 1
github.com/nmelo/initech/internal/roles/selector.go:492.51,493.16 1 1
github.com/nmelo/initech/internal/roles/selector.go:494.15,495.26 1 1
github.com/nmelo/initech/internal/roles/selector.go:495.26,497.4 1 1
github.com/nmelo/initech/internal/roles/selector.go:498.18,499.26 1 1
github.com/nmelo/initech/internal/roles/selector.go:499.26,501.4 1 1
github.com/nmelo/initech/internal/roles/selector.go:502.14,503.26 1 1
github.com/nmelo/initech/internal/roles/selector.go:503.26,506.4 2 1
github.com/nmelo/initech/internal/roles/selector.go:507.13,508.26 1 1
github.com/nmelo/initech/internal/roles/selector.go:508.26,510.4 1 1
github.com/nmelo/initech/internal/roles/selector.go:511.14,512.26 1 1
github.com/nmelo/initech/internal/roles/selector.go:512.26,514.4 1 1
github.com/nmelo/initech/internal/roles/selector.go:543.46,545.16 2 0
github.com/nmelo/initech/internal/roles/selector.go:545.16,547.3 1 0
github.com/nmelo/initech/internal/roles/selector.go:548.2,548.11 1 0
github.com/nmelo/initech/internal/roles/selector.go:549.12,550.39 1 0
github.com/nmelo/initech/internal/roles/selector.go:551.18,552.39 1 0
github.com/nmelo/initech/internal/roles/selector.go:553.11,554.39 1 0
github.com/nmelo/initech/internal/roles/selector.go:555.18,556.43 1 0
github.com/nmelo/initech/internal/roles/selector.go:557.12,559.23 2 0
github.com/nmelo/initech/internal/roles/selector.go:559.23,561.4 1 0
github.com/nmelo/initech/internal/roles/selector.go:562.3,563.11 2 0
github.com/nmelo/initech/internal/roles/selector.go:563.11,565.4 1 0
github.com/nmelo/initech/internal/roles/selector.go:566.3,566.13 1 0
github.com/nmelo/initech/internal/roles/selector.go:567.12,568.37 1 0
github.com/nmelo/initech/internal/roles/selector.go:569.12,570.39 1 0
github.com/nmelo/initech/internal/roles/selector.go:572.3,572.39 1 0
github.com/nmelo/initech/internal/roles/selector.go:575.2,575.28 1 0
github.com/nmelo/initech/internal/roles/selector.go:575.28,577.3 1 0
github.com/nmelo/initech/internal/roles/selector.go:578.2,578.38 1 0
github.com/nmelo/initech/internal/roles/selector.go:582.44,586.2 3 0
github.com/nmelo/initech/internal/roles/selector.go:591.46,593.54 2 0
github.com/nmelo/initech/internal/roles/selector.go:593.54,595.3 1 0
github.com/nmelo/initech/internal/roles/selector.go:596.2,599.25 4 0
github.com/nmelo/initech/internal/roles/selector.go:599.25,601.3 1 0
github.com/nmelo/initech/internal/roles/selector.go:602.2,602.17 1 0
github.com/nmelo/initech/main.go:6.13,8.2 1 0
github.com/nmelo/initech/internal/scaffold/scaffold.go:34.61,37.21 3 1
github.com/nmelo/initech/internal/scaffold/scaffold.go:37.21,38.27 1 1
github.com/nmelo/initech/internal/scaffold/scaffold.go:38.28,38.29 0 1
github.com/nmelo/initech/internal/scaffold/scaffold.go:42.2,42.50 1 1
github.com/nmelo/initech/internal/scaffold/scaffold.go:42.50,44.3 1 0
github.com/nmelo/initech/internal/scaffold/scaffold.go:47.2,47.92 1 1
github.com/nmelo/initech/internal/scaffold/scaffold.go:47.92,49.3 1 0
github.com/nmelo/initech/internal/scaffold/scaffold.go:49.8,49.23 1 1
github.com/nmelo/initech/internal/scaffold/scaffold.go:49.23,52.3 2 1
github.com/nmelo/initech/internal/scaffold/scaffold.go:55.2,56.88 2 1
github.com/nmelo/initech/internal/scaffold/scaffold.go:56.88,58.3 1 0
github.com/nmelo/initech/internal/scaffold/scaffold.go:58.8,58.23 1 1
github.com/nmelo/initech/internal/scaffold/scaffold.go:58.23,61.3 2 1
github.com/nmelo/initech/internal/scaffold/scaffold.go:64.2,64.88 1 1
github.com/nmelo/initech/internal/scaffold/scaffold.go:64.88,66.3 1 0
github.com/nmelo/initech/internal/scaffold/scaffold.go:66.8,66.23 1 1
github.com/nmelo/initech/internal/scaffold/scaffold.go:66.23,69.3 2 1
github.com/nmelo/initech/internal/scaffold/scaffold.go:72.2,73.51 2 1
github.com/nmelo/initech/internal/scaffold/scaffold.go:73.51,75.3 1 0
github.com/nmelo/initech/internal/scaffold/scaffold.go:76.2,94.34 4 1
github.com/nmelo/initech/internal/scaffold/scaffold.go:94.34,96.84 2 1
github.com/nmelo/initech/internal/scaffold/scaffold.go:96.84,98.4 1 0
github.com/nmelo/initech/internal/scaffold/scaffold.go:98.9,98.24 1 1
github.com/nmelo/initech/internal/scaffold/scaffold.go:98.24,101.4 2 1
github.com/nmelo/initech/internal/scaffold/scaffold.go:105.2,105.35 1 1
github.com/nmelo/initech/internal/scaffold/scaffold.go:105.35,109.52 3 1
github.com/nmelo/initech/internal/scaffold/scaffold.go:109.52,111.4 1 0
github.com/nmelo/initech/internal/scaffold/scaffold.go:114.3,115.54 2 1
github.com/nmelo/initech/internal/scaffold/scaffold.go:115.54,117.4 1 0
github.com/nmelo/initech/internal/scaffold/scaffold.go:120.3,121.46 2 1
github.com/nmelo/initech/internal/scaffold/scaffold.go:121.46,122.26 1 1
github.com/nmelo/initech/internal/scaffold/scaffold.go:122.26,124.5 1 1
github.com/nmelo/initech/internal/scaffold/scaffold.go:125.4,125.25 1 1
github.com/nmelo/initech/internal/scaffold/scaffold.go:125.25,127.5 1 1
github.com/nmelo/initech/internal/scaffold/scaffold.go:128.4,128.24 1 1
github.com/nmelo/initech/internal/scaffold/scaffold.go:128.24,130.5 1 1
github.com/nmelo/initech/internal/scaffold/scaffold.go:132.3,132.23 1 1
github.com/nmelo/initech/internal/scaffold/scaffold.go:132.23,134.4 1 1
github.com/nmelo/initech/internal/scaffold/scaffold.go:136.3,140.84 4 1
github.com/nmelo/initech/internal/scaffold/scaffold.go:140.84,142.4 1 0
github.com/nmelo/initech/internal/scaffold/scaffold.go:142.9,142.24 1 1
github.com/nmelo/initech/internal/scaffold/scaffold.go:142.24,143.20 1 1
github.com/nmelo/initech/internal/scaffold/scaffold.go:143.20,145.5 1 1
github.com/nmelo/initech/internal/scaffold/scaffold.go:145.10,147.5 1 1
github.com/nmelo/initech/internal/scaffold/scaffold.go:148.4,148.52 1 1
github.com/nmelo/initech/internal/scaffold/scaffold.go:155.3,155.25 1 1
github.com/nmelo/initech/internal/scaffold/scaffold.go:155.25,157.51 2 1
github.com/nmelo/initech/internal/scaffold/scaffold.go:157.51,159.5 1 0
github.com/nmelo/initech/internal/scaffold/scaffold.go:160.4,160.61 1 1
github.com/nmelo/initech/internal/scaffold/scaffold.go:164.2,164.21 1 1
github.com/nmelo/initech/internal/scaffold/scaffold.go:170.42,171.14 1 1
github.com/nmelo/initech/internal/scaffold/scaffold.go:172.15,173.29 1 1
github.com/nmelo/initech/internal/scaffold/scaffold.go:174.12,175.26 1 0
github.com/nmelo/initech/internal/scaffold/scaffold.go:176.14,177.28 1 0
github.com/nmelo/initech/internal/scaffold/scaffold.go:178.13,179.27 1 0
github.com/nmelo/initech/internal/scaffold/scaffold.go:180.17,181.31 1 0
github.com/nmelo/initech/internal/scaffold/scaffold.go:182.13,183.27 1 0
github.com/nmelo/initech/internal/scaffold/scaffold.go:184.16,185.30 1 0
github.com/nmelo/initech/internal/scaffold/scaffold.go:186.13,187.27 1 0
github.com/nmelo/initech/internal/scaffold/scaffold.go:188.16,189.30 1 0
github.com/nmelo/initech/internal/scaffold/scaffold.go:190.10,192.36 1 1
github.com/nmelo/initech/internal/scaffold/scaffold.go:192.36,194.4 1 1
github.com/nmelo/initech/internal/scaffold/scaffold.go:195.3,195.37 1 1
github.com/nmelo/initech/internal/scaffold/scaffold.go:195.37,197.4 1 1
github.com/nmelo/initech/internal/scaffold/scaffold.go:198.3,198.27 1 0
github.com/nmelo/initech/internal/scaffold/scaffold.go:204.71,206.12 2 1
github.com/nmelo/initech/internal/scaffold/scaffold.go:206.12,207.42 1 1
github.com/nmelo/initech/internal/scaffold/scaffold.go:207.42,209.4 1 1
github.com/nmelo/initech/internal/scaffold/scaffold.go:211.2,211.66 1 1
github.com/nmelo/initech/internal/scaffold/scaffold.go:211.66,213.3 1 0
github.com/nmelo/initech/internal/scaffold/scaffold.go:214.2,214.18 1 1
github.com/nmelo/initech/internal/scaffold/scaffold.go:217.49,229.28 12 1
github.com/nmelo/initech/internal/scaffold/scaffold.go:229.28,231.3 1 1
github.com/nmelo/initech/internal/scaffold/scaffold.go:232.2,246.16 15 1
github.com/nmelo/initech/cmd/selectortest/main.go:12.13,31.16 3 0
github.com/nmelo/initech/cmd/selectortest/main.go:31.16,34.3 2 0
github.com/nmelo/initech/cmd/selectortest/main.go:35.2,36.32 2 0
github.com/nmelo/initech/cmd/selectortest/main.go:36.32,38.3 1 0
github.com/nmelo/initech/internal/config/config.go:98.59,99.30 1 1
github.com/nmelo/initech/internal/config/config.go:99.30,101.3 1 1
github.com/nmelo/initech/internal/config/config.go:102.2,102.33 1 1
github.com/nmelo/initech/internal/config/config.go:122.50,123.21 1 1
github.com/nmelo/initech/internal/config/config.go:123.21,125.3 1 1
github.com/nmelo/initech/internal/config/config.go:126.2,126.18 1 1
github.com/nmelo/initech/internal/config/config.go:130.44,131.39 1 1
github.com/nmelo/initech/internal/config/config.go:132.80,133.14 1 1
github.com/nmelo/initech/internal/config/config.go:134.10,135.15 1 1
github.com/nmelo/initech/internal/config/config.go:141.50,142.39 1 1
github.com/nmelo/initech/internal/config/config.go:143.41,144.14 1 1
github.com/nmelo/initech/internal/config/config.go:145.10,146.15 1 1
github.com/nmelo/initech/internal/config/config.go:152.53,153.39 1 1
github.com/nmelo/initech/internal/config/config.go:154.27,155.15 1 1
github.com/nmelo/initech/internal/config/config.go:156.10,157.14 1 1
github.com/nmelo/initech/internal/config/config.go:162.48,163.39 1 1
github.com/nmelo/initech/internal/config/config.go:164.59,165.17 1 1
github.com/nmelo/initech/internal/config/config.go:166.10,167.12 1 1
github.com/nmelo/initech/internal/config/config.go:174.48,175.39 1 1
github.com/nmelo/initech/internal/config/config.go:176.41,177.14 1 1
github.com/nmelo/initech/internal/config/config.go:178.10,179.15 1 1
github.com/nmelo/initech/internal/config/config.go:187.42,189.16 2 1
github.com/nmelo/initech/internal/config/config.go:189.16,191.3 1 1
github.com/nmelo/initech/internal/config/config.go:193.2,194.49 2 1
github.com/nmelo/initech/internal/config/config.go:194.49,196.3 1 1
github.com/nmelo/initech/internal/config/config.go:198.2,200.37 2 1
github.com/nmelo/initech/internal/config/config.go:200.37,202.3 1 0
github.com/nmelo/initech/internal/config/config.go:205.2,205.19 1 1
github.com/nmelo/initech/internal/config/config.go:205.19,206.45 1 1
github.com/nmelo/initech/internal/config/config.go:206.45,207.50 1 1
github.com/nmelo/initech/internal/config/config.go:207.50,209.5 1 1
github.com/nmelo/initech/internal/config/config.go:213.2,213.16 1 1
github.com/nmelo/initech/internal/config/config.go:217.33,218.19 1 1
github.com/nmelo/initech/internal/config/config.go:218.19,220.3 1 1
github.com/nmelo/initech/internal/config/config.go:221.2,221.30 1 1
github.com/nmelo/initech/internal/config/config.go:221.30,222.20 1 1
github.com/nmelo/initech/internal/config/config.go:222.20,224.4 1 1
github.com/nmelo/initech/internal/config/config.go:226.2,226.14 1 1
github.com/nmelo/initech/internal/config/config.go:231.43,233.16 2 1
github.com/nmelo/initech/internal/config/config.go:233.16,235.3 1 0
github.com/nmelo/initech/internal/config/config.go:237.2,237.6 1 1
github.com/nmelo/initech/internal/config/config.go:237.6,239.47 2 1
github.com/nmelo/initech/internal/config/config.go:239.47,241.4 1 1
github.com/nmelo/initech/internal/config/config.go:243.3,244.20 2 1
github.com/nmelo/initech/internal/config/config.go:244.20,246.4 1 1
github.com/nmelo/initech/internal/config/config.go:247.3,247.15 1 1
github.com/nmelo/initech/internal/config/config.go:253.33,254.18 1 1
github.com/nmelo/initech/internal/config/config.go:254.18,256.3 1 1
github.com/nmelo/initech/internal/config/config.go:257.2,257.18 1 1
github.com/nmelo/initech/internal/config/config.go:257.18,259.3 1 1
github.com/nmelo/initech/internal/config/config.go:260.2,260.23 1 1
github.com/nmelo/initech/internal/config/config.go:260.23,262.3 1 1
github.com/nmelo/initech/internal/config/config.go:264.2,265.28 2 1
github.com/nmelo/initech/internal/config/config.go:265.28,266.14 1 1
github.com/nmelo/initech/internal/config/config.go:266.14,268.4 1 1
github.com/nmelo/initech/internal/config/config.go:269.3,269.33 1 1
github.com/nmelo/initech/internal/config/config.go:269.33,271.4 1 1
github.com/nmelo/initech/internal/config/config.go:272.3,272.17 1 1
github.com/nmelo/initech/internal/config/config.go:272.17,274.4 1 1
github.com/nmelo/initech/internal/config/config.go:275.3,275.20 1 1
github.com/nmelo/initech/internal/config/config.go:278.2,278.27 1 1
github.com/nmelo/initech/internal/config/config.go:278.27,279.18 1 1
github.com/nmelo/initech/internal/config/config.go:279.18,281.4 1 1
github.com/nmelo/initech/internal/config/config.go:284.2,284.40 1 1
github.com/nmelo/initech/internal/config/config.go:284.40,285.21 1 1
github.com/nmelo/initech/internal/config/config.go:285.21,287.4 1 1
github.com/nmelo/initech/internal/config/config.go:288.3,288.36 1 1
github.com/nmelo/initech/internal/config/config.go:288.36,290.4 1 1
github.com/nmelo/initech/internal/config/config.go:291.3,291.84 1 1
github.com/nmelo/initech/internal/config/config.go:291.84,293.4 1 0
github.com/nmelo/initech/internal/config/config.go:297.2,297.42 1 1
github.com/nmelo/initech/internal/config/config.go:297.42,299.3 1 1
github.com/nmelo/initech/internal/config/config.go:300.2,300.26 1 1
github.com/nmelo/initech/internal/config/config.go:300.26,301.21 1 1
github.com/nmelo/initech/internal/config/config.go:301.21,303.4 1 1
github.com/nmelo/initech/internal/config/config.go:304.3,304.23 1 1
github.com/nmelo/initech/internal/config/config.go:304.23,306.4 1 1
github.com/nmelo/initech/internal/config/config.go:307.3,307.20 1 1
github.com/nmelo/initech/internal/config/config.go:307.20,309.4 1 1
github.com/nmelo/initech/internal/config/config.go:313.2,313.42 1 1
github.com/nmelo/initech/internal/config/config.go:313.42,315.3 1 1
github.com/nmelo/initech/internal/config/config.go:316.2,316.61 1 1
github.com/nmelo/initech/internal/config/config.go:316.61,318.3 1 1
github.com/nmelo/initech/internal/config/config.go:319.2,319.38 1 1
github.com/nmelo/initech/internal/config/config.go:319.38,320.24 1 1
github.com/nmelo/initech/internal/config/config.go:320.24,322.4 1 1
github.com/nmelo/initech/internal/config/config.go:325.2,325.12 1 1
github.com/nmelo/initech/internal/config/config.go:329.43,331.16 2 1
github.com/nmelo/initech/internal/config/config.go:331.16,333.3 1 0
github.com/nmelo/initech/internal/config/config.go:334.2,335.46 2 1
github.com/nmelo/initech/internal/config/config.go:340.45,343.29 3 1
github.com/nmelo/initech/internal/config/config.go:343.29,346.44 3 1
github.com/nmelo/initech/internal/config/config.go:346.44,348.4 1 0
github.com/nmelo/initech/internal/config/config.go:350.2,350.35 1 1
github.com/nmelo/initech/internal/config/config.go:353.37,354.35 1 1
github.com/nmelo/initech/internal/config/config.go:354.35,356.3 1 1
github.com/nmelo/initech/internal/config/config.go:357.2,358.16 2 1
github.com/nmelo/initech/internal/config/config.go:358.16,360.3 1 0
github.com/nmelo/initech/internal/config/config.go:361.2,361.38 1 1
github.com/nmelo/initech/internal/exec/exec.go:40.74,42.2 1 1
github.com/nmelo/initech/internal/exec/exec.go:46.84,48.15 2 1
github.com/nmelo/initech/internal/exec/exec.go:48.15,50.3 1 1
github.com/nmelo/initech/internal/exec/exec.go:52.2,55.16 3 1
github.com/nmelo/initech/internal/exec/exec.go:55.16,57.3 1 1
github.com/nmelo/initech/internal/exec/exec.go:59.2,59.20 1 1
github.com/nmelo/initech/internal/exec/fake.go:24.71,26.2 1 1
github.com/nmelo/initech/internal/exec/fake.go:29.81,31.19 2 1
github.com/nmelo/initech/internal/exec/fake.go:31.19,33.3 1 1
github.com/nmelo/initech/internal/exec/fake.go:34.2,35.24 2 1
github.com/nmelo/initech/internal/update/check.go:46.87,48.16 2 1
github.com/nmelo/initech/internal/update/check.go:48.16,50.3 1 0
github.com/nmelo/initech/internal/update/check.go:53.2,56.60 2 1
github.com/nmelo/initech/internal/update/check.go:56.60,57.52 1 1
github.com/nmelo/initech/internal/update/check.go:57.52,59.4 1 0
github.com/nmelo/initech/internal/update/check.go:60.3,64.9 1 1
github.com/nmelo/initech/internal/update/check.go:68.2,69.16 2 1
github.com/nmelo/initech/internal/update/check.go:69.16,71.3 1 1
github.com/nmelo/initech/internal/update/check.go:74.2,81.44 2 1
github.com/nmelo/initech/internal/update/check.go:81.44,83.3 1 1
github.com/nmelo/initech/internal/update/check.go:84.2,84.18 1 1
github.com/nmelo/initech/internal/update/check.go:89.25,90.51 1 1
github.com/nmelo/initech/internal/update/check.go:90.51,92.3 1 1
github.com/nmelo/initech/internal/update/check.go:93.2,93.81 1 1
github.com/nmelo/initech/internal/update/check.go:93.81,94.25 1 1
github.com/nmelo/initech/internal/update/check.go:94.25,96.4 1 1
github.com/nmelo/initech/internal/update/check.go:98.2,98.13 1 1
github.com/nmelo/initech/internal/update/check.go:108.68,111.16 3 1
github.com/nmelo/initech/internal/update/check.go:111.16,113.3 1 0
github.com/nmelo/initech/internal/update/check.go:114.2,115.53 2 1
github.com/nmelo/initech/internal/update/check.go:115.53,117.3 1 0
github.com/nmelo/initech/internal/update/check.go:119.2,120.16 2 1
github.com/nmelo/initech/internal/update/check.go:120.16,122.3 1 0
github.com/nmelo/initech/internal/update/check.go:123.2,125.54 2 1
github.com/nmelo/initech/internal/update/check.go:125.54,127.3 1 1
github.com/nmelo/initech/internal/update/check.go:128.2,128.28 1 1
github.com/nmelo/initech/internal/update/check.go:128.28,130.3 1 0
github.com/nmelo/initech/internal/update/check.go:132.2,133.16 2 1
github.com/nmelo/initech/internal/update/check.go:133.16,135.3 1 0
github.com/nmelo/initech/internal/update/check.go:137.2,138.51 2 1
github.com/nmelo/initech/internal/update/check.go:138.51,140.3 1 0
github.com/nmelo/initech/internal/update/check.go:142.2,146.8 1 1
github.com/nmelo/initech/internal/update/check.go:151.43,154.47 3 1
github.com/nmelo/initech/internal/update/check.go:154.47,156.3 1 0
github.com/nmelo/initech/internal/update/check.go:157.2,157.25 1 1
github.com/nmelo/initech/internal/update/check.go:157.25,158.39 1 1
github.com/nmelo/initech/internal/update/check.go:158.39,160.4 1 1
github.com/nmelo/initech/internal/update/check.go:161.3,161.39 1 1
github.com/nmelo/initech/internal/update/check.go:161.39,163.4 1 1
github.com/nmelo/initech/internal/update/check.go:165.2,165.14 1 1
github.com/nmelo/initech/internal/update/check.go:168.34,171.20 3 1
github.com/nmelo/initech/internal/update/check.go:171.20,173.3 1 0
github.com/nmelo/initech/internal/update/check.go:175.2,175.26 1 1
github.com/nmelo/initech/internal/update/check.go:175.26,176.49 1 1
github.com/nmelo/initech/internal/update/check.go:176.49,178.4 1 1
github.com/nmelo/initech/internal/update/check.go:180.2,181.30 2 1
github.com/nmelo/initech/internal/update/check.go:181.30,183.17 2 1
github.com/nmelo/initech/internal/update/check.go:183.17,185.4 1 0
github.com/nmelo/initech/internal/update/check.go:186.3,186.14 1 1
github.com/nmelo/initech/internal/update/check.go:188.2,188.13 1 1
github.com/nmelo/initech/internal/update/check.go:194.38,196.2 1 1
github.com/nmelo/initech/internal/update/check.go:198.45,200.16 2 0
github.com/nmelo/initech/internal/update/check.go:200.16,202.3 1 0
github.com/nmelo/initech/internal/update/check.go:203.2,203.60 1 0
github.com/nmelo/initech/internal/update/check.go:206.49,208.16 2 1
github.com/nmelo/initech/internal/update/check.go:208.16,210.3 1 1
github.com/nmelo/initech/internal/update/check.go:211.2,212.49 2 1
github.com/nmelo/initech/internal/update/check.go:212.49,214.3 1 0
github.com/nmelo/initech/internal/update/check.go:215.2,215.16 1 1
github.com/nmelo/initech/internal/update/check.go:218.44,223.16 4 1
github.com/nmelo/initech/internal/update/check.go:223.16,225.3 1 0
github.com/nmelo/initech/internal/update/check.go:226.2,227.54 2 1
github.com/nmelo/initech/internal/update/check.go:227.54,229.3 1 0
github.com/nmelo/initech/internal/update/check.go:230.2,230.22 1 1
github.com/nmelo/initech/internal/update/homebrew.go:25.27,26.33 1 1
github.com/nmelo/initech/internal/update/homebrew.go:26.33,28.3 1 1
github.com/nmelo/initech/internal/update/homebrew.go:29.2,29.27 1 1
github.com/nmelo/initech/internal/update/homebrew.go:36.29,38.16 2 1
github.com/nmelo/initech/internal/update/homebrew.go:38.16,40.3 1 0
github.com/nmelo/initech/internal/update/homebrew.go:41.2,42.16 2 1
github.com/nmelo/initech/internal/update/homebrew.go:42.16,44.3 1 0
github.com/nmelo/initech/internal/update/homebrew.go:46.2,47.16 2 1
github.com/nmelo/initech/internal/update/homebrew.go:47.16,49.3 1 0
github.com/nmelo/initech/internal/update/homebrew.go:50.2,51.16 2 1
github.com/nmelo/initech/internal/update/homebrew.go:51.16,53.3 1 0
github.com/nmelo/initech/internal/update/homebrew.go:54.2,55.39 2 1
github.com/nmelo/initech/internal/update/homebrew.go:62.61,63.55 1 1
github.com/nmelo/initech/internal/update/homebrew.go:63.55,65.3 1 1
github.com/nmelo/initech/internal/update/homebrew.go:66.2,66.47 1 1
github.com/nmelo/initech/internal/update/homebrew.go:71.33,72.22 1 1
github.com/nmelo/initech/internal/update/homebrew.go:72.22,74.3 1 1
github.com/nmelo/initech/internal/update/homebrew.go:75.2,75.25 1 1
github.com/nmelo/initech/cmd/add.go:25.13,28.2 2 1
github.com/nmelo/initech/cmd/add.go:30.54,34.16 3 0
github.com/nmelo/initech/cmd/add.go:34.16,36.3 1 0
github.com/nmelo/initech/cmd/add.go:38.2,43.16 3 0
github.com/nmelo/initech/cmd/add.go:43.16,45.3 1 0
github.com/nmelo/initech/cmd/add.go:46.2,46.14 1 0
github.com/nmelo/initech/cmd/add.go:46.14,48.3 1 0
github.com/nmelo/initech/cmd/add.go:49.2,51.19 2 0
github.com/nmelo/initech/cmd/add.go:51.19,60.18 4 0
github.com/nmelo/initech/cmd/add.go:60.18,62.4 1 0
github.com/nmelo/initech/cmd/add.go:62.9,62.23 1 0
github.com/nmelo/initech/cmd/add.go:62.23,64.4 1 0
github.com/nmelo/initech/cmd/add.go:64.9,66.4 1 0
github.com/nmelo/initech/cmd/add.go:68.2,68.12 1 0
github.com/nmelo/initech/cmd/agent_type.go:5.128,8.27 3 1
github.com/nmelo/initech/cmd/agent_type.go:8.27,10.3 1 1
github.com/nmelo/initech/cmd/agent_type.go:11.2,12.25 2 1
github.com/nmelo/initech/cmd/agent_type.go:12.25,14.3 1 0
github.com/nmelo/initech/cmd/agent_type.go:15.2,16.24 2 1
github.com/nmelo/initech/cmd/agent_type.go:16.24,18.3 1 1
github.com/nmelo/initech/cmd/agent_type.go:19.2,19.60 1 1
github.com/nmelo/initech/cmd/at.go:35.13,41.2 5 1
github.com/nmelo/initech/cmd/at.go:43.53,47.12 2 1
github.com/nmelo/initech/cmd/at.go:47.12,49.3 1 0
github.com/nmelo/initech/cmd/at.go:52.2,52.20 1 1
github.com/nmelo/initech/cmd/at.go:52.20,54.3 1 0
github.com/nmelo/initech/cmd/at.go:57.2,57.19 1 1
github.com/nmelo/initech/cmd/at.go:57.19,59.3 1 1
github.com/nmelo/initech/cmd/at.go:60.2,60.30 1 1
github.com/nmelo/initech/cmd/at.go:60.30,62.3 1 1
github.com/nmelo/initech/cmd/at.go:63.2,63.30 1 1
github.com/nmelo/initech/cmd/at.go:63.30,65.3 1 1
github.com/nmelo/initech/cmd/at.go:67.2,72.53 4 0
github.com/nmelo/initech/cmd/at.go:72.53,75.3 2 0
github.com/nmelo/initech/cmd/at.go:78.2,80.16 3 0
github.com/nmelo/initech/cmd/at.go:80.16,82.17 2 0
github.com/nmelo/initech/cmd/at.go:82.17,84.4 1 0
github.com/nmelo/initech/cmd/at.go:85.3,86.34 2 0
github.com/nmelo/initech/cmd/at.go:87.8,89.17 2 0
github.com/nmelo/initech/cmd/at.go:89.17,91.4 1 0
github.com/nmelo/initech/cmd/at.go:92.3,92.27 1 0
github.com/nmelo/initech/cmd/at.go:92.27,94.4 1 0
github.com/nmelo/initech/cmd/at.go:95.3,96.63 2 0
github.com/nmelo/initech/cmd/at.go:101.2,118.16 3 0
github.com/nmelo/initech/cmd/at.go:118.16,120.3 1 0
github.com/nmelo/initech/cmd/at.go:121.2,121.14 1 0
github.com/nmelo/initech/cmd/at.go:121.14,123.3 1 0
github.com/nmelo/initech/cmd/at.go:126.2,127.16 2 0
github.com/nmelo/initech/cmd/at.go:127.16,129.3 1 0
github.com/nmelo/initech/cmd/at.go:130.2,131.12 2 0
github.com/nmelo/initech/cmd/at.go:134.67,138.16 2 0
github.com/nmelo/initech/cmd/at.go:138.16,140.3 1 0
github.com/nmelo/initech/cmd/at.go:141.2,141.14 1 0
github.com/nmelo/initech/cmd/at.go:141.14,143.3 1 0
github.com/nmelo/initech/cmd/at.go:145.2,146.67 2 0
github.com/nmelo/initech/cmd/at.go:146.67,148.3 1 0
github.com/nmelo/initech/cmd/at.go:150.2,150.22 1 0
github.com/nmelo/initech/cmd/at.go:150.22,153.3 2 0
github.com/nmelo/initech/cmd/at.go:155.2,156.27 2 0
github.com/nmelo/initech/cmd/at.go:156.27,158.20 2 0
github.com/nmelo/initech/cmd/at.go:158.20,160.4 1 0
github.com/nmelo/initech/cmd/at.go:161.3,162.19 2 0
github.com/nmelo/initech/cmd/at.go:162.19,164.4 1 0
github.com/nmelo/initech/cmd/at.go:165.3,166.20 2 0
github.com/nmelo/initech/cmd/at.go:166.20,168.4 1 0
github.com/nmelo/initech/cmd/at.go:169.3,172.14 1 0
github.com/nmelo/initech/cmd/at.go:174.2,174.12 1 0
github.com/nmelo/initech/cmd/at.go:177.80,182.16 2 0
github.com/nmelo/initech/cmd/at.go:182.16,184.3 1 0
github.com/nmelo/initech/cmd/at.go:185.2,185.14 1 0
github.com/nmelo/initech/cmd/at.go:185.14,187.3 1 0
github.com/nmelo/initech/cmd/at.go:188.2,189.12 2 0
github.com/nmelo/initech/cmd/at.go:193.47,198.76 3 1
github.com/nmelo/initech/cmd/at.go:198.76,200.3 1 1
github.com/nmelo/initech/cmd/at.go:203.2,203.65 1 1
github.com/nmelo/initech/cmd/at.go:203.65,205.3 1 1
github.com/nmelo/initech/cmd/at.go:208.2,208.73 1 1
github.com/nmelo/initech/cmd/at.go:208.73,209.62 1 1
github.com/nmelo/initech/cmd/at.go:209.62,211.4 1 1
github.com/nmelo/initech/cmd/at.go:214.2,214.103 1 1
github.com/nmelo/initech/cmd/at.go:219.59,221.16 2 0
github.com/nmelo/initech/cmd/at.go:221.16,223.3 1 0
github.com/nmelo/initech/cmd/at.go:224.2,225.16 2 0
github.com/nmelo/initech/cmd/at.go:225.16,227.3 1 0
github.com/nmelo/initech/cmd/at.go:228.2,235.21 6 0
github.com/nmelo/initech/cmd/at.go:235.21,237.3 1 0
github.com/nmelo/initech/cmd/at.go:238.2,239.63 2 0
github.com/nmelo/initech/cmd/at.go:239.63,241.3 1 0
github.com/nmelo/initech/cmd/at.go:242.2,242.19 1 0
github.com/nmelo/initech/cmd/bead.go:30.13,34.2 3 1
github.com/nmelo/initech/cmd/bead.go:36.55,39.17 2 1
github.com/nmelo/initech/cmd/bead.go:39.17,41.3 1 1
github.com/nmelo/initech/cmd/bead.go:42.2,42.17 1 1
github.com/nmelo/initech/cmd/bead.go:42.17,44.3 1 1
github.com/nmelo/initech/cmd/bead.go:47.2,48.16 2 1
github.com/nmelo/initech/cmd/bead.go:48.16,49.20 1 1
github.com/nmelo/initech/cmd/bead.go:49.20,51.4 1 1
github.com/nmelo/initech/cmd/bead.go:52.3,52.19 1 1
github.com/nmelo/initech/cmd/bead.go:55.2,62.16 3 1
github.com/nmelo/initech/cmd/bead.go:62.16,64.3 1 1
github.com/nmelo/initech/cmd/bead.go:65.2,65.14 1 0
github.com/nmelo/initech/cmd/bead.go:65.14,67.3 1 0
github.com/nmelo/initech/cmd/bead.go:68.2,68.12 1 0
github.com/nmelo/initech/cmd/doctor.go:34.13,36.2 1 1
github.com/nmelo/initech/cmd/doctor.go:58.49,59.30 1 1
github.com/nmelo/initech/cmd/doctor.go:59.30,60.25 1 1
github.com/nmelo/initech/cmd/doctor.go:60.25,62.4 1 1
github.com/nmelo/initech/cmd/doctor.go:64.2,64.14 1 1
github.com/nmelo/initech/cmd/doctor.go:68.42,70.74 2 1
github.com/nmelo/initech/cmd/doctor.go:70.74,71.28 1 1
github.com/nmelo/initech/cmd/doctor.go:71.28,72.26 1 1
github.com/nmelo/initech/cmd/doctor.go:72.26,74.5 1 1
github.com/nmelo/initech/cmd/doctor.go:77.2,77.10 1 1
github.com/nmelo/initech/cmd/doctor.go:91.35,99.2 2 1
github.com/nmelo/initech/cmd/doctor.go:104.50,109.16 4 0
github.com/nmelo/initech/cmd/doctor.go:109.16,111.85 2 0
github.com/nmelo/initech/cmd/doctor.go:111.85,113.4 1 0
github.com/nmelo/initech/cmd/doctor.go:116.2,117.15 2 0
github.com/nmelo/initech/cmd/doctor.go:153.51,155.31 2 1
github.com/nmelo/initech/cmd/doctor.go:155.31,157.17 2 1
github.com/nmelo/initech/cmd/doctor.go:157.17,159.18 2 1
github.com/nmelo/initech/cmd/doctor.go:159.18,161.5 1 1
github.com/nmelo/initech/cmd/doctor.go:162.4,163.20 2 1
github.com/nmelo/initech/cmd/doctor.go:163.20,165.5 1 1
github.com/nmelo/initech/cmd/doctor.go:166.4,166.89 1 1
github.com/nmelo/initech/cmd/doctor.go:167.9,169.21 2 1
github.com/nmelo/initech/cmd/doctor.go:169.21,171.5 1 0
github.com/nmelo/initech/cmd/doctor.go:172.4,176.6 1 1
github.com/nmelo/initech/cmd/doctor.go:179.2,179.16 1 1
github.com/nmelo/initech/cmd/doctor.go:184.95,189.16 4 1
github.com/nmelo/initech/cmd/doctor.go:189.16,193.3 1 1
github.com/nmelo/initech/cmd/doctor.go:194.2,195.46 2 1
github.com/nmelo/initech/cmd/doctor.go:195.46,199.3 1 0
github.com/nmelo/initech/cmd/doctor.go:201.2,208.45 3 1
github.com/nmelo/initech/cmd/doctor.go:208.45,210.3 1 1
github.com/nmelo/initech/cmd/doctor.go:210.8,212.19 2 1
github.com/nmelo/initech/cmd/doctor.go:212.19,214.4 1 1
github.com/nmelo/initech/cmd/doctor.go:215.3,216.65 1 1
github.com/nmelo/initech/cmd/doctor.go:220.2,221.34 2 1
github.com/nmelo/initech/cmd/doctor.go:221.34,223.48 2 1
github.com/nmelo/initech/cmd/doctor.go:223.48,225.4 1 1
github.com/nmelo/initech/cmd/doctor.go:227.2,229.29 3 1
github.com/nmelo/initech/cmd/doctor.go:229.29,234.3 1 1
github.com/nmelo/initech/cmd/doctor.go:234.8,239.3 1 1
github.com/nmelo/initech/cmd/doctor.go:242.2,244.34 3 1
github.com/nmelo/initech/cmd/doctor.go:244.34,246.34 2 1
github.com/nmelo/initech/cmd/doctor.go:246.34,247.12 1 1
github.com/nmelo/initech/cmd/doctor.go:249.3,251.44 3 1
github.com/nmelo/initech/cmd/doctor.go:251.44,253.4 1 1
github.com/nmelo/initech/cmd/doctor.go:255.2,255.28 1 1
github.com/nmelo/initech/cmd/doctor.go:255.28,258.27 3 1
github.com/nmelo/initech/cmd/doctor.go:258.27,263.4 1 1
github.com/nmelo/initech/cmd/doctor.go:263.9,268.4 1 0
github.com/nmelo/initech/cmd/doctor.go:272.2,277.9 5 1
github.com/nmelo/initech/cmd/doctor.go:278.18,280.21 2 0
github.com/nmelo/initech/cmd/doctor.go:280.21,283.17 3 0
github.com/nmelo/initech/cmd/doctor.go:283.17,284.54 1 0
github.com/nmelo/initech/cmd/doctor.go:284.54,286.6 1 0
github.com/nmelo/initech/cmd/doctor.go:288.4,288.108 1 0
github.com/nmelo/initech/cmd/doctor.go:289.9,291.4 1 0
github.com/nmelo/initech/cmd/doctor.go:292.17,293.52 1 0
github.com/nmelo/initech/cmd/doctor.go:293.52,295.52 2 0
github.com/nmelo/initech/cmd/doctor.go:295.52,297.61 2 0
github.com/nmelo/initech/cmd/doctor.go:297.61,299.6 1 0
github.com/nmelo/initech/cmd/doctor.go:299.11,302.6 1 0
github.com/nmelo/initech/cmd/doctor.go:303.10,305.5 1 0
github.com/nmelo/initech/cmd/doctor.go:306.9,308.4 1 0
github.com/nmelo/initech/cmd/doctor.go:309.10,310.110 1 1
github.com/nmelo/initech/cmd/doctor.go:314.2,315.67 2 1
github.com/nmelo/initech/cmd/doctor.go:315.67,317.3 1 0
github.com/nmelo/initech/cmd/doctor.go:319.2,319.34 1 1
github.com/nmelo/initech/cmd/doctor.go:324.118,326.45 2 1
github.com/nmelo/initech/cmd/doctor.go:326.45,328.17 2 1
github.com/nmelo/initech/cmd/doctor.go:328.17,331.12 2 1
github.com/nmelo/initech/cmd/doctor.go:334.3,335.17 2 1
github.com/nmelo/initech/cmd/doctor.go:335.17,339.12 3 0
github.com/nmelo/initech/cmd/doctor.go:342.3,343.17 2 1
github.com/nmelo/initech/cmd/doctor.go:343.17,347.12 3 0
github.com/nmelo/initech/cmd/doctor.go:350.3,351.18 2 1
github.com/nmelo/initech/cmd/doctor.go:351.18,353.4 1 1
github.com/nmelo/initech/cmd/doctor.go:354.3,366.22 7 1
github.com/nmelo/initech/cmd/doctor.go:366.22,371.12 4 0
github.com/nmelo/initech/cmd/doctor.go:374.3,375.99 2 1
github.com/nmelo/initech/cmd/doctor.go:375.99,380.26 5 0
github.com/nmelo/initech/cmd/doctor.go:380.26,383.5 1 0
github.com/nmelo/initech/cmd/doctor.go:383.10,386.5 1 0
github.com/nmelo/initech/cmd/doctor.go:387.4,387.12 1 0
github.com/nmelo/initech/cmd/doctor.go:390.3,394.105 3 1
github.com/nmelo/initech/cmd/doctor.go:396.2,396.16 1 1
github.com/nmelo/initech/cmd/doctor.go:401.43,405.19 3 0
github.com/nmelo/initech/cmd/doctor.go:405.19,407.3 1 0
github.com/nmelo/initech/cmd/doctor.go:408.2,411.42 3 0
github.com/nmelo/initech/cmd/doctor.go:411.42,412.71 1 0
github.com/nmelo/initech/cmd/doctor.go:412.71,414.4 1 0
github.com/nmelo/initech/cmd/doctor.go:416.2,420.54 4 0
github.com/nmelo/initech/cmd/doctor.go:420.54,422.3 1 0
github.com/nmelo/initech/cmd/doctor.go:422.8,422.67 1 0
github.com/nmelo/initech/cmd/doctor.go:422.67,424.3 1 0
github.com/nmelo/initech/cmd/doctor.go:424.8,424.73 1 0
github.com/nmelo/initech/cmd/doctor.go:424.73,426.3 1 0
github.com/nmelo/initech/cmd/doctor.go:427.2,430.17 3 0
github.com/nmelo/initech/cmd/doctor.go:430.17,432.3 1 0
github.com/nmelo/initech/cmd/doctor.go:433.2,437.16 3 0
github.com/nmelo/initech/cmd/doctor.go:442.57,446.2 3 0
github.com/nmelo/initech/cmd/doctor.go:448.67,452.35 3 0
github.com/nmelo/initech/cmd/doctor.go:452.35,454.21 2 0
github.com/nmelo/initech/cmd/doctor.go:454.21,459.22 4 0
github.com/nmelo/initech/cmd/doctor.go:459.22,461.5 1 0
github.com/nmelo/initech/cmd/doctor.go:462.4,467.5 1 0
github.com/nmelo/initech/cmd/doctor.go:468.9,470.24 2 0
github.com/nmelo/initech/cmd/doctor.go:470.24,472.5 1 0
github.com/nmelo/initech/cmd/doctor.go:473.4,479.27 2 0
github.com/nmelo/initech/cmd/doctor.go:479.27,481.5 1 0
github.com/nmelo/initech/cmd/doctor.go:484.2,484.29 1 0
github.com/nmelo/initech/cmd/doctor.go:484.29,486.36 2 0
github.com/nmelo/initech/cmd/doctor.go:486.36,488.20 2 0
github.com/nmelo/initech/cmd/doctor.go:488.20,490.5 1 0
github.com/nmelo/initech/cmd/doctor.go:491.4,491.67 1 0
github.com/nmelo/initech/cmd/doctor.go:496.2,496.29 1 0
github.com/nmelo/initech/cmd/doctor.go:496.29,498.36 2 0
github.com/nmelo/initech/cmd/doctor.go:498.36,500.4 1 0
github.com/nmelo/initech/cmd/doctor.go:501.8,501.37 1 0
github.com/nmelo/initech/cmd/doctor.go:501.37,503.3 1 0
github.com/nmelo/initech/cmd/doctor.go:506.2,506.29 1 0
github.com/nmelo/initech/cmd/doctor.go:506.29,508.36 2 0
github.com/nmelo/initech/cmd/doctor.go:508.36,510.4 1 0
github.com/nmelo/initech/cmd/doctor.go:514.2,515.39 2 0
github.com/nmelo/initech/cmd/doctor.go:515.39,517.3 1 0
github.com/nmelo/initech/cmd/doctor.go:520.2,521.9 2 0
github.com/nmelo/initech/cmd/doctor.go:522.35,524.54 2 0
github.com/nmelo/initech/cmd/doctor.go:525.33,529.6 1 0
github.com/nmelo/initech/cmd/doctor.go:530.10,531.59 1 0
github.com/nmelo/initech/cmd/doctor.go:533.2,533.12 1 0
github.com/nmelo/initech/cmd/doctor.go:539.62,541.16 2 0
github.com/nmelo/initech/cmd/doctor.go:542.12,543.32 1 0
github.com/nmelo/initech/cmd/doctor.go:544.14,545.42 1 0
github.com/nmelo/initech/cmd/doctor.go:546.14,547.33 1 0
github.com/nmelo/initech/cmd/doctor.go:548.10,549.36 1 0
github.com/nmelo/initech/cmd/doctor.go:551.2,555.3 1 0
github.com/nmelo/initech/cmd/doctor.go:559.51,564.2 1 0
github.com/nmelo/initech/cmd/doctor.go:569.35,572.2 2 1
github.com/nmelo/initech/cmd/doctor.go:575.45,576.26 1 1
github.com/nmelo/initech/cmd/doctor.go:576.26,578.3 1 0
github.com/nmelo/initech/cmd/doctor.go:579.2,581.16 3 1
github.com/nmelo/initech/cmd/doctor.go:581.16,583.3 1 0
github.com/nmelo/initech/cmd/doctor.go:584.2,585.51 2 1
github.com/nmelo/initech/cmd/doctor.go:585.51,587.3 1 0
github.com/nmelo/initech/cmd/doctor.go:588.2,588.43 1 1
github.com/nmelo/initech/cmd/doctor.go:588.43,589.41 1 1
github.com/nmelo/initech/cmd/doctor.go:589.41,590.12 1 1
github.com/nmelo/initech/cmd/doctor.go:592.3,592.56 1 1
github.com/nmelo/initech/cmd/doctor.go:592.56,594.4 1 1
github.com/nmelo/initech/cmd/doctor.go:596.2,596.12 1 0
github.com/nmelo/initech/cmd/down.go:17.13,19.2 1 1
github.com/nmelo/initech/cmd/down.go:21.55,23.16 2 0
github.com/nmelo/initech/cmd/down.go:23.16,25.3 1 0
github.com/nmelo/initech/cmd/down.go:27.2,28.16 2 0
github.com/nmelo/initech/cmd/down.go:28.16,30.3 1 0
github.com/nmelo/initech/cmd/down.go:31.2,31.14 1 0
github.com/nmelo/initech/cmd/down.go:31.14,33.3 1 0
github.com/nmelo/initech/cmd/down.go:35.2,36.12 2 0
github.com/nmelo/initech/cmd/init.go:34.13,37.2 2 1
github.com/nmelo/initech/cmd/init.go:39.55,44.16 4 0
github.com/nmelo/initech/cmd/init.go:44.16,46.3 1 0
github.com/nmelo/initech/cmd/init.go:49.2,52.44 3 0
github.com/nmelo/initech/cmd/init.go:52.44,54.17 2 0
github.com/nmelo/initech/cmd/init.go:54.17,56.4 1 0
github.com/nmelo/initech/cmd/init.go:57.3,57.90 1 0
github.com/nmelo/initech/cmd/init.go:58.8,60.17 2 0
github.com/nmelo/initech/cmd/init.go:60.17,62.4 1 0
github.com/nmelo/initech/cmd/init.go:63.3,63.50 1 0
github.com/nmelo/initech/cmd/init.go:63.50,65.4 1 0
github.com/nmelo/initech/cmd/init.go:66.3,66.82 1 0
github.com/nmelo/initech/cmd/init.go:69.2,69.43 1 0
github.com/nmelo/initech/cmd/init.go:69.43,71.3 1 0
github.com/nmelo/initech/cmd/init.go:74.2,74.31 1 0
github.com/nmelo/initech/cmd/init.go:74.31,76.42 1 0
github.com/nmelo/initech/cmd/init.go:76.42,79.4 2 0
github.com/nmelo/initech/cmd/init.go:79.9,81.4 1 0
github.com/nmelo/initech/cmd/init.go:83.2,85.16 3 0
github.com/nmelo/initech/cmd/init.go:85.16,87.3 1 0
github.com/nmelo/initech/cmd/init.go:90.2,91.49 2 0
github.com/nmelo/initech/cmd/init.go:91.49,93.3 1 0
github.com/nmelo/initech/cmd/init.go:96.2,102.35 3 0
github.com/nmelo/initech/cmd/init.go:102.35,104.41 2 0
github.com/nmelo/initech/cmd/init.go:104.41,105.12 1 0
github.com/nmelo/initech/cmd/init.go:108.3,109.67 2 0
github.com/nmelo/initech/cmd/init.go:109.67,110.30 1 0
github.com/nmelo/initech/cmd/init.go:110.30,111.30 1 0
github.com/nmelo/initech/cmd/init.go:111.30,113.11 2 0
github.com/nmelo/initech/cmd/init.go:118.3,120.44 3 0
github.com/nmelo/initech/cmd/init.go:120.44,122.4 1 0
github.com/nmelo/initech/cmd/init.go:125.2,125.19 1 0
github.com/nmelo/initech/cmd/init.go:125.19,129.13 4 0
github.com/nmelo/initech/cmd/init.go:129.13,132.8 3 0
github.com/nmelo/initech/cmd/init.go:132.8,133.12 1 0
github.com/nmelo/initech/cmd/init.go:134.21,135.12 1 0
github.com/nmelo/initech/cmd/init.go:136.13,139.39 3 0
github.com/nmelo/initech/cmd/init.go:144.3,150.28 4 0
github.com/nmelo/initech/cmd/init.go:150.28,152.33 2 0
github.com/nmelo/initech/cmd/init.go:152.33,158.5 2 0
github.com/nmelo/initech/cmd/init.go:160.3,164.29 4 0
github.com/nmelo/initech/cmd/init.go:164.29,165.20 1 0
github.com/nmelo/initech/cmd/init.go:165.20,168.5 2 0
github.com/nmelo/initech/cmd/init.go:170.3,170.20 1 0
github.com/nmelo/initech/cmd/init.go:170.20,172.4 1 0
github.com/nmelo/initech/cmd/init.go:176.2,176.53 1 0
github.com/nmelo/initech/cmd/init.go:176.53,177.69 1 0
github.com/nmelo/initech/cmd/init.go:177.69,178.67 1 0
github.com/nmelo/initech/cmd/init.go:178.67,180.5 1 0
github.com/nmelo/initech/cmd/init.go:180.10,181.29 1 0
github.com/nmelo/initech/cmd/init.go:181.29,183.6 1 0
github.com/nmelo/initech/cmd/init.go:184.5,184.89 1 0
github.com/nmelo/initech/cmd/init.go:187.8,189.3 1 0
github.com/nmelo/initech/cmd/init.go:192.2,192.84 1 0
github.com/nmelo/initech/cmd/init.go:192.84,194.3 1 0
github.com/nmelo/initech/cmd/init.go:194.8,196.3 1 0
github.com/nmelo/initech/cmd/init.go:200.2,203.24 4 0
github.com/nmelo/initech/cmd/init.go:203.24,203.108 1 0
github.com/nmelo/initech/cmd/init.go:204.2,217.12 13 0
github.com/nmelo/initech/cmd/init.go:220.59,233.23 8 0
github.com/nmelo/initech/cmd/init.go:233.23,235.30 2 0
github.com/nmelo/initech/cmd/init.go:235.30,238.4 2 0
github.com/nmelo/initech/cmd/init.go:239.3,240.47 2 0
github.com/nmelo/initech/cmd/init.go:244.2,245.17 2 0
github.com/nmelo/initech/cmd/init.go:245.17,247.3 1 0
github.com/nmelo/initech/cmd/init.go:247.8,249.3 1 0
github.com/nmelo/initech/cmd/init.go:253.2,254.6 2 0
github.com/nmelo/initech/cmd/init.go:254.6,257.17 2 0
github.com/nmelo/initech/cmd/init.go:257.17,259.4 1 0
github.com/nmelo/initech/cmd/init.go:260.3,260.24 1 0
github.com/nmelo/initech/cmd/init.go:260.24,262.9 2 0
github.com/nmelo/initech/cmd/init.go:264.3,264.67 1 0
github.com/nmelo/initech/cmd/init.go:267.2,276.19 3 0
github.com/nmelo/initech/cmd/init.go:276.19,279.3 2 0
github.com/nmelo/initech/cmd/init.go:281.2,281.15 1 0
github.com/nmelo/initech/cmd/init.go:323.48,325.37 2 1
github.com/nmelo/initech/cmd/init.go:325.37,328.41 3 1
github.com/nmelo/initech/cmd/init.go:328.41,330.4 1 1
github.com/nmelo/initech/cmd/init.go:330.9,330.26 1 1
github.com/nmelo/initech/cmd/init.go:330.26,332.4 1 1
github.com/nmelo/initech/cmd/init.go:333.3,340.4 1 1
github.com/nmelo/initech/cmd/init.go:342.2,342.14 1 1
github.com/nmelo/initech/cmd/init.go:349.45,351.16 2 1
github.com/nmelo/initech/cmd/init.go:351.16,353.3 1 1
github.com/nmelo/initech/cmd/init.go:354.2,358.28 3 1
github.com/nmelo/initech/cmd/init.go:358.28,359.17 1 1
github.com/nmelo/initech/cmd/init.go:359.17,360.12 1 0
github.com/nmelo/initech/cmd/init.go:362.3,363.49 2 1
github.com/nmelo/initech/cmd/init.go:363.49,364.12 1 1
github.com/nmelo/initech/cmd/init.go:366.3,366.76 1 1
github.com/nmelo/initech/cmd/init.go:366.76,368.4 1 1
github.com/nmelo/initech/cmd/init.go:370.2,370.14 1 1
github.com/nmelo/initech/cmd/init.go:375.50,377.69 2 1
github.com/nmelo/initech/cmd/init.go:377.69,379.3 1 1
github.com/nmelo/initech/cmd/init.go:380.2,380.73 1 1
github.com/nmelo/initech/cmd/init.go:380.73,382.3 1 1
github.com/nmelo/initech/cmd/init.go:383.2,383.45 1 1
github.com/nmelo/initech/cmd/init.go:387.40,388.37 1 1
github.com/nmelo/initech/cmd/init.go:388.37,389.24 1 1
github.com/nmelo/initech/cmd/init.go:389.24,391.4 1 1
github.com/nmelo/initech/cmd/init.go:393.2,393.14 1 1
github.com/nmelo/initech/cmd/init.go:400.77,402.29 2 1
github.com/nmelo/initech/cmd/init.go:402.29,404.3 1 1
github.com/nmelo/initech/cmd/init.go:405.2,406.37 2 1
github.com/nmelo/initech/cmd/init.go:406.37,409.41 3 1
github.com/nmelo/initech/cmd/init.go:409.41,411.4 1 1
github.com/nmelo/initech/cmd/init.go:411.9,411.26 1 1
github.com/nmelo/initech/cmd/init.go:411.26,413.4 1 1
github.com/nmelo/initech/cmd/init.go:414.3,421.4 1 1
github.com/nmelo/initech/cmd/init.go:424.2,424.29 1 1
github.com/nmelo/initech/cmd/init.go:424.29,425.26 1 1
github.com/nmelo/initech/cmd/init.go:425.26,432.4 1 1
github.com/nmelo/initech/cmd/init.go:434.2,434.14 1 1
github.com/nmelo/initech/cmd/init.go:437.68,438.22 1 0
github.com/nmelo/initech/cmd/init.go:438.22,440.3 1 0
github.com/nmelo/initech/cmd/init.go:440.8,442.3 1 0
github.com/nmelo/initech/cmd/init.go:444.2,446.16 3 0
github.com/nmelo/initech/cmd/init.go:446.16,448.3 1 0
github.com/nmelo/initech/cmd/init.go:449.2,449.13 1 0
github.com/nmelo/initech/cmd/pane_config_builder.go:12.123,13.51 1 1
github.com/nmelo/initech/cmd/pane_config_builder.go:13.51,15.17 2 1
github.com/nmelo/initech/cmd/pane_config_builder.go:15.17,17.4 1 1
github.com/nmelo/initech/cmd/pane_config_builder.go:18.3,18.29 1 1
github.com/nmelo/initech/cmd/patrol.go:34.13,39.2 4 1
github.com/nmelo/initech/cmd/patrol.go:42.41,43.9 1 1
github.com/nmelo/initech/cmd/patrol.go:44.22,45.24 1 1
github.com/nmelo/initech/cmd/patrol.go:46.39,47.25 1 1
github.com/nmelo/initech/cmd/patrol.go:48.19,49.22 1 1
github.com/nmelo/initech/cmd/patrol.go:50.10,51.22 1 1
github.com/nmelo/initech/cmd/patrol.go:55.57,62.16 3 1
github.com/nmelo/initech/cmd/patrol.go:62.16,64.3 1 0
github.com/nmelo/initech/cmd/patrol.go:65.2,65.14 1 1
github.com/nmelo/initech/cmd/patrol.go:65.14,67.3 1 1
github.com/nmelo/initech/cmd/patrol.go:70.2,78.68 3 1
github.com/nmelo/initech/cmd/patrol.go:78.68,80.3 1 1
github.com/nmelo/initech/cmd/patrol.go:83.2,84.33 2 1
github.com/nmelo/initech/cmd/patrol.go:84.33,86.3 1 1
github.com/nmelo/initech/cmd/patrol.go:88.2,88.28 1 1
github.com/nmelo/initech/cmd/patrol.go:88.28,90.51 1 1
github.com/nmelo/initech/cmd/patrol.go:90.51,91.12 1 1
github.com/nmelo/initech/cmd/patrol.go:94.3,97.60 2 1
github.com/nmelo/initech/cmd/patrol.go:97.60,98.12 1 0
github.com/nmelo/initech/cmd/patrol.go:102.3,104.19 3 1
github.com/nmelo/initech/cmd/patrol.go:104.19,106.4 1 1
github.com/nmelo/initech/cmd/patrol.go:107.3,107.15 1 1
github.com/nmelo/initech/cmd/patrol.go:107.15,109.4 1 1
github.com/nmelo/initech/cmd/patrol.go:110.3,114.20 3 1
github.com/nmelo/initech/cmd/patrol.go:114.20,116.4 1 1
github.com/nmelo/initech/cmd/patrol.go:116.9,118.4 1 1
github.com/nmelo/initech/cmd/patrol.go:119.3,119.16 1 1
github.com/nmelo/initech/cmd/patrol.go:122.2,122.12 1 1
github.com/nmelo/initech/cmd/peek.go:22.13,25.2 2 1
github.com/nmelo/initech/cmd/peek.go:27.55,35.16 3 0
github.com/nmelo/initech/cmd/peek.go:35.16,37.3 1 0
github.com/nmelo/initech/cmd/peek.go:38.2,38.14 1 0
github.com/nmelo/initech/cmd/peek.go:38.14,40.3 1 0
github.com/nmelo/initech/cmd/peek.go:42.2,43.12 2 0
github.com/nmelo/initech/cmd/peers.go:20.13,22.2 1 1
github.com/nmelo/initech/cmd/peers.go:24.56,28.16 3 0
github.com/nmelo/initech/cmd/peers.go:28.16,30.3 1 0
github.com/nmelo/initech/cmd/peers.go:32.2,33.16 2 0
github.com/nmelo/initech/cmd/peers.go:33.16,35.3 1 0
github.com/nmelo/initech/cmd/peers.go:36.2,36.14 1 0
github.com/nmelo/initech/cmd/peers.go:36.14,38.3 1 0
github.com/nmelo/initech/cmd/peers.go:40.2,41.66 2 0
github.com/nmelo/initech/cmd/peers.go:41.66,43.3 1 0
github.com/nmelo/initech/cmd/peers.go:45.2,45.21 1 0
github.com/nmelo/initech/cmd/peers.go:45.21,48.3 2 0
github.com/nmelo/initech/cmd/peers.go:50.2,54.26 2 0
github.com/nmelo/initech/cmd/peers.go:54.26,60.3 2 0
github.com/nmelo/initech/cmd/peers.go:61.2,63.12 2 0
github.com/nmelo/initech/cmd/remove.go:19.13,21.2 1 1
github.com/nmelo/initech/cmd/remove.go:23.57,27.16 3 0
github.com/nmelo/initech/cmd/remove.go:27.16,29.3 1 0
github.com/nmelo/initech/cmd/remove.go:31.2,36.16 3 0
github.com/nmelo/initech/cmd/remove.go:36.16,38.3 1 0
github.com/nmelo/initech/cmd/remove.go:39.2,39.14 1 0
github.com/nmelo/initech/cmd/remove.go:39.14,41.3 1 0
github.com/nmelo/initech/cmd/remove.go:42.2,43.12 2 0
github.com/nmelo/initech/cmd/restart.go:22.13,25.2 2 1
github.com/nmelo/initech/cmd/restart.go:27.58,29.16 2 0
github.com/nmelo/initech/cmd/restart.go:29.16,31.3 1 0
github.com/nmelo/initech/cmd/restart.go:33.2,40.16 4 0
github.com/nmelo/initech/cmd/restart.go:40.16,42.3 1 0
github.com/nmelo/initech/cmd/restart.go:43.2,43.14 1 0
github.com/nmelo/initech/cmd/restart.go:43.14,45.3 1 0
github.com/nmelo/initech/cmd/restart.go:47.2,50.23 2 0
github.com/nmelo/initech/cmd/restart.go:50.23,59.18 4 0
github.com/nmelo/initech/cmd/restart.go:59.18,61.4 1 0
github.com/nmelo/initech/cmd/restart.go:61.9,61.23 1 0
github.com/nmelo/initech/cmd/restart.go:61.23,63.4 1 0
github.com/nmelo/initech/cmd/restart.go:63.9,65.4 1 0
github.com/nmelo/initech/cmd/restart.go:68.2,68.12 1 0
github.com/nmelo/initech/cmd/root.go:67.67,68.14 1 0
github.com/nmelo/initech/cmd/root.go:68.14,70.4 1 0
github.com/nmelo/initech/cmd/root.go:72.3,72.47 1 0
github.com/nmelo/initech/cmd/root.go:72.47,77.14 5 0
github.com/nmelo/initech/cmd/root.go:77.14,80.5 2 0
github.com/nmelo/initech/cmd/root.go:82.3,82.13 1 0
github.com/nmelo/initech/cmd/root.go:84.68,86.26 1 0
github.com/nmelo/initech/cmd/root.go:86.26,88.4 1 0
github.com/nmelo/initech/cmd/root.go:90.3,90.26 1 0
github.com/nmelo/initech/cmd/root.go:90.26,91.11 1 0
github.com/nmelo/initech/cmd/root.go:92.32,93.20 1 0
github.com/nmelo/initech/cmd/root.go:93.20,95.6 1 0
github.com/nmelo/initech/cmd/root.go:96.12,96.12 0 0
github.com/nmelo/initech/cmd/root.go:102.3,103.48 2 0
github.com/nmelo/initech/cmd/root.go:103.48,104.69 1 0
github.com/nmelo/initech/cmd/root.go:104.69,107.5 1 0
github.com/nmelo/initech/cmd/root.go:109.3,109.13 1 0
github.com/nmelo/initech/cmd/root.go:119.16,120.42 1 0
github.com/nmelo/initech/cmd/root.go:120.42,123.3 2 0
github.com/nmelo/initech/cmd/root.go:126.13,140.2 9 1
github.com/nmelo/initech/cmd/root.go:192.54,195.3 2 1
github.com/nmelo/initech/cmd/root.go:198.54,200.16 2 0
github.com/nmelo/initech/cmd/root.go:200.16,202.3 1 0
github.com/nmelo/initech/cmd/root.go:204.2,205.16 2 0
github.com/nmelo/initech/cmd/root.go:205.16,207.3 1 0
github.com/nmelo/initech/cmd/root.go:209.2,210.16 2 0
github.com/nmelo/initech/cmd/root.go:210.16,212.3 1 0
github.com/nmelo/initech/cmd/root.go:214.2,215.38 2 0
github.com/nmelo/initech/cmd/root.go:215.38,217.17 2 0
github.com/nmelo/initech/cmd/root.go:217.17,219.12 2 0
github.com/nmelo/initech/cmd/root.go:221.3,221.32 1 0
github.com/nmelo/initech/cmd/root.go:224.2,224.22 1 0
github.com/nmelo/initech/cmd/root.go:224.22,226.3 1 0
github.com/nmelo/initech/cmd/root.go:229.2,230.25 2 0
github.com/nmelo/initech/cmd/root.go:230.25,232.13 2 0
github.com/nmelo/initech/cmd/root.go:232.13,233.43 1 0
github.com/nmelo/initech/cmd/root.go:233.43,235.61 2 0
github.com/nmelo/initech/cmd/root.go:235.61,237.6 1 0
github.com/nmelo/initech/cmd/root.go:239.4,239.22 1 0
github.com/nmelo/initech/cmd/root.go:246.2,247.41 2 0
github.com/nmelo/initech/cmd/root.go:247.41,249.3 1 0
github.com/nmelo/initech/cmd/root.go:254.2,254.21 1 0
github.com/nmelo/initech/cmd/root.go:254.21,256.17 2 0
github.com/nmelo/initech/cmd/root.go:256.17,258.4 1 0
github.com/nmelo/initech/cmd/root.go:259.3,259.80 1 0
github.com/nmelo/initech/cmd/root.go:259.80,261.4 1 0
github.com/nmelo/initech/cmd/root.go:262.3,263.17 2 0
github.com/nmelo/initech/cmd/root.go:263.17,265.4 1 0
github.com/nmelo/initech/cmd/root.go:266.3,267.13 2 0
github.com/nmelo/initech/cmd/root.go:267.13,267.40 1 0
github.com/nmelo/initech/cmd/root.go:270.2,282.4 1 0
github.com/nmelo/initech/cmd/root.go:289.90,293.57 3 1
github.com/nmelo/initech/cmd/root.go:293.57,295.3 1 0
github.com/nmelo/initech/cmd/root.go:295.8,298.41 1 1
github.com/nmelo/initech/cmd/root.go:298.41,300.4 1 1
github.com/nmelo/initech/cmd/root.go:300.9,301.35 1 1
github.com/nmelo/initech/cmd/root.go:301.35,303.5 1 0
github.com/nmelo/initech/cmd/root.go:303.10,305.5 1 1
github.com/nmelo/initech/cmd/root.go:306.4,307.19 2 1
github.com/nmelo/initech/cmd/root.go:307.19,309.5 1 0
github.com/nmelo/initech/cmd/root.go:310.4,310.99 1 1
github.com/nmelo/initech/cmd/root.go:310.99,312.5 1 1
github.com/nmelo/initech/cmd/root.go:316.2,317.33 2 1
github.com/nmelo/initech/cmd/root.go:317.33,319.3 1 0
github.com/nmelo/initech/cmd/root.go:321.2,321.48 1 1
github.com/nmelo/initech/cmd/root.go:321.48,323.3 1 0
github.com/nmelo/initech/cmd/root.go:325.2,326.29 2 1
github.com/nmelo/initech/cmd/root.go:326.29,328.3 1 0
github.com/nmelo/initech/cmd/root.go:330.2,341.8 2 1
github.com/nmelo/initech/cmd/send.go:29.13,32.2 2 1
github.com/nmelo/initech/cmd/send.go:34.55,40.49 4 0
github.com/nmelo/initech/cmd/send.go:40.49,43.3 2 0
github.com/nmelo/initech/cmd/send.go:45.2,54.16 3 0
github.com/nmelo/initech/cmd/send.go:54.16,56.3 1 0
github.com/nmelo/initech/cmd/send.go:57.2,57.14 1 0
github.com/nmelo/initech/cmd/send.go:57.14,59.3 1 0
github.com/nmelo/initech/cmd/send.go:60.2,60.12 1 0
github.com/nmelo/initech/cmd/send.go:66.60,68.20 2 1
github.com/nmelo/initech/cmd/send.go:68.20,70.17 2 1
github.com/nmelo/initech/cmd/send.go:70.17,72.4 1 1
github.com/nmelo/initech/cmd/send.go:73.3,73.24 1 0
github.com/nmelo/initech/cmd/send.go:75.2,75.37 1 1
github.com/nmelo/initech/cmd/send.go:80.83,82.16 2 1
github.com/nmelo/initech/cmd/send.go:82.16,84.3 1 1
github.com/nmelo/initech/cmd/send.go:85.2,92.21 6 1
github.com/nmelo/initech/cmd/send.go:92.21,94.3 1 1
github.com/nmelo/initech/cmd/send.go:96.2,97.63 2 1
github.com/nmelo/initech/cmd/send.go:97.63,99.3 1 1
github.com/nmelo/initech/cmd/send.go:100.2,100.19 1 1
github.com/nmelo/initech/cmd/send.go:105.56,107.16 2 1
github.com/nmelo/initech/cmd/send.go:107.16,109.3 1 0
github.com/nmelo/initech/cmd/send.go:110.2,111.16 2 1
github.com/nmelo/initech/cmd/send.go:111.16,113.3 1 1
github.com/nmelo/initech/cmd/send.go:114.2,115.16 2 1
github.com/nmelo/initech/cmd/send.go:115.16,117.3 1 0
github.com/nmelo/initech/cmd/send.go:118.2,122.20 3 1
github.com/nmelo/initech/cmd/send.go:122.20,127.3 2 1
github.com/nmelo/initech/cmd/send.go:128.2,129.25 2 1
github.com/nmelo/initech/cmd/serve.go:23.13,25.2 1 1
github.com/nmelo/initech/cmd/serve.go:27.56,29.16 2 0
github.com/nmelo/initech/cmd/serve.go:29.16,31.3 1 0
github.com/nmelo/initech/cmd/serve.go:33.2,34.16 2 0
github.com/nmelo/initech/cmd/serve.go:34.16,36.3 1 0
github.com/nmelo/initech/cmd/serve.go:38.2,39.16 2 0
github.com/nmelo/initech/cmd/serve.go:39.16,41.3 1 0
github.com/nmelo/initech/cmd/serve.go:43.2,43.29 1 0
github.com/nmelo/initech/cmd/serve.go:43.29,45.3 1 0
github.com/nmelo/initech/cmd/serve.go:48.2,49.38 2 0
github.com/nmelo/initech/cmd/serve.go:49.38,51.17 2 0
github.com/nmelo/initech/cmd/serve.go:51.17,53.12 2 0
github.com/nmelo/initech/cmd/serve.go:55.3,55.32 1 0
github.com/nmelo/initech/cmd/serve.go:58.2,58.22 1 0
github.com/nmelo/initech/cmd/serve.go:58.22,60.3 1 0
github.com/nmelo/initech/cmd/serve.go:62.2,67.4 1 0
github.com/nmelo/initech/cmd/serve.go:71.91,75.57 3 1
github.com/nmelo/initech/cmd/serve.go:75.57,77.3 1 0
github.com/nmelo/initech/cmd/serve.go:77.8,80.41 1 1
github.com/nmelo/initech/cmd/serve.go:80.41,82.4 1 0
github.com/nmelo/initech/cmd/serve.go:82.9,83.35 1 1
github.com/nmelo/initech/cmd/serve.go:83.35,85.5 1 0
github.com/nmelo/initech/cmd/serve.go:85.10,87.5 1 1
github.com/nmelo/initech/cmd/serve.go:88.4,89.19 2 1
github.com/nmelo/initech/cmd/serve.go:89.19,91.5 1 1
github.com/nmelo/initech/cmd/serve.go:92.4,92.99 1 1
github.com/nmelo/initech/cmd/serve.go:92.99,94.5 1 1
github.com/nmelo/initech/cmd/serve.go:98.2,99.33 2 1
github.com/nmelo/initech/cmd/serve.go:99.33,101.3 1 0
github.com/nmelo/initech/cmd/serve.go:103.2,103.48 1 1
github.com/nmelo/initech/cmd/serve.go:103.48,105.3 1 0
github.com/nmelo/initech/cmd/serve.go:107.2,108.29 2 1
github.com/nmelo/initech/cmd/serve.go:108.29,110.3 1 0
github.com/nmelo/initech/cmd/serve.go:112.2,123.8 2 1
github.com/nmelo/initech/cmd/standup.go:23.13,25.2 1 1
github.com/nmelo/initech/cmd/standup.go:34.58,39.16 4 1
github.com/nmelo/initech/cmd/standup.go:39.16,41.3 1 0
github.com/nmelo/initech/cmd/standup.go:43.2,44.16 2 1
github.com/nmelo/initech/cmd/standup.go:44.16,46.3 1 1
github.com/nmelo/initech/cmd/standup.go:48.2,49.16 2 1
github.com/nmelo/initech/cmd/standup.go:49.16,51.3 1 0
github.com/nmelo/initech/cmd/standup.go:54.2,54.53 1 1
github.com/nmelo/initech/cmd/standup.go:54.53,57.3 2 1
github.com/nmelo/initech/cmd/standup.go:59.2,65.28 5 1
github.com/nmelo/initech/cmd/standup.go:65.28,69.3 1 1
github.com/nmelo/initech/cmd/standup.go:71.2,72.31 2 1
github.com/nmelo/initech/cmd/standup.go:72.31,74.3 1 0
github.com/nmelo/initech/cmd/standup.go:74.8,76.35 2 1
github.com/nmelo/initech/cmd/standup.go:76.35,78.4 1 0
github.com/nmelo/initech/cmd/standup.go:79.3,79.45 1 1
github.com/nmelo/initech/cmd/standup.go:79.45,81.4 1 1
github.com/nmelo/initech/cmd/standup.go:82.3,82.32 1 1
github.com/nmelo/initech/cmd/standup.go:82.32,84.4 1 1
github.com/nmelo/initech/cmd/standup.go:88.2,90.22 3 1
github.com/nmelo/initech/cmd/standup.go:90.22,92.3 1 0
github.com/nmelo/initech/cmd/standup.go:92.8,93.28 1 1
github.com/nmelo/initech/cmd/standup.go:93.28,95.22 2 1
github.com/nmelo/initech/cmd/standup.go:95.22,97.5 1 1
github.com/nmelo/initech/cmd/standup.go:98.4,98.88 1 1
github.com/nmelo/initech/cmd/standup.go:103.2,105.21 3 1
github.com/nmelo/initech/cmd/standup.go:105.21,107.3 1 0
github.com/nmelo/initech/cmd/standup.go:107.8,109.25 2 1
github.com/nmelo/initech/cmd/standup.go:109.25,111.4 1 0
github.com/nmelo/initech/cmd/standup.go:112.3,112.35 1 1
github.com/nmelo/initech/cmd/standup.go:112.35,114.4 1 1
github.com/nmelo/initech/cmd/standup.go:115.3,115.21 1 1
github.com/nmelo/initech/cmd/standup.go:115.21,117.4 1 1
github.com/nmelo/initech/cmd/standup.go:120.2,121.12 2 1
github.com/nmelo/initech/cmd/standup.go:124.68,126.16 2 1
github.com/nmelo/initech/cmd/standup.go:126.16,128.3 1 1
github.com/nmelo/initech/cmd/standup.go:131.2,132.60 2 1
github.com/nmelo/initech/cmd/standup.go:132.60,134.3 1 1
github.com/nmelo/initech/cmd/standup.go:137.2,137.48 1 1
github.com/nmelo/initech/cmd/standup.go:137.48,139.17 2 1
github.com/nmelo/initech/cmd/standup.go:139.17,140.12 1 0
github.com/nmelo/initech/cmd/standup.go:142.3,143.58 2 1
github.com/nmelo/initech/cmd/standup.go:143.58,145.4 1 1
github.com/nmelo/initech/cmd/standup.go:147.2,147.14 1 1
github.com/nmelo/initech/cmd/start.go:22.13,25.2 2 1
github.com/nmelo/initech/cmd/start.go:27.56,28.38 1 1
github.com/nmelo/initech/cmd/start.go:28.38,30.3 1 1
github.com/nmelo/initech/cmd/start.go:32.2,33.16 2 0
github.com/nmelo/initech/cmd/start.go:33.16,35.3 1 0
github.com/nmelo/initech/cmd/start.go:37.2,38.32 2 0
github.com/nmelo/initech/cmd/start.go:38.32,43.17 2 0
github.com/nmelo/initech/cmd/start.go:43.17,45.12 2 0
github.com/nmelo/initech/cmd/start.go:47.3,47.15 1 0
github.com/nmelo/initech/cmd/start.go:47.15,49.12 2 0
github.com/nmelo/initech/cmd/start.go:51.3,51.37 1 0
github.com/nmelo/initech/cmd/start.go:51.37,53.4 1 0
github.com/nmelo/initech/cmd/start.go:53.9,55.4 1 0
github.com/nmelo/initech/cmd/start.go:58.3,58.22 1 0
github.com/nmelo/initech/cmd/start.go:58.22,67.19 4 0
github.com/nmelo/initech/cmd/start.go:67.19,69.5 1 0
github.com/nmelo/initech/cmd/start.go:69.10,69.24 1 0
github.com/nmelo/initech/cmd/start.go:69.24,71.5 1 0
github.com/nmelo/initech/cmd/start.go:71.10,73.5 1 0
github.com/nmelo/initech/cmd/start.go:76.2,76.12 1 0
github.com/nmelo/initech/cmd/status.go:20.13,22.2 1 1
github.com/nmelo/initech/cmd/status.go:41.57,45.16 3 0
github.com/nmelo/initech/cmd/status.go:45.16,47.3 1 0
github.com/nmelo/initech/cmd/status.go:50.2,51.16 2 0
github.com/nmelo/initech/cmd/status.go:51.16,53.3 1 0
github.com/nmelo/initech/cmd/status.go:54.2,54.14 1 0
github.com/nmelo/initech/cmd/status.go:54.14,56.3 1 0
github.com/nmelo/initech/cmd/status.go:58.2,59.66 2 0
github.com/nmelo/initech/cmd/status.go:59.66,61.3 1 0
github.com/nmelo/initech/cmd/status.go:64.2,70.27 5 0
github.com/nmelo/initech/cmd/status.go:70.27,71.15 1 0
github.com/nmelo/initech/cmd/status.go:71.15,73.4 1 0
github.com/nmelo/initech/cmd/status.go:73.9,75.4 1 0
github.com/nmelo/initech/cmd/status.go:79.2,80.27 2 0
github.com/nmelo/initech/cmd/status.go:80.27,81.20 1 0
github.com/nmelo/initech/cmd/status.go:81.20,83.9 2 0
github.com/nmelo/initech/cmd/status.go:87.2,88.17 2 0
github.com/nmelo/initech/cmd/status.go:88.17,90.3 1 0
github.com/nmelo/initech/cmd/status.go:91.2,96.16 3 0
github.com/nmelo/initech/cmd/status.go:96.16,104.3 1 0
github.com/nmelo/initech/cmd/status.go:104.8,111.3 1 0
github.com/nmelo/initech/cmd/status.go:113.2,113.27 1 0
github.com/nmelo/initech/cmd/status.go:113.27,115.16 2 0
github.com/nmelo/initech/cmd/status.go:115.16,117.4 1 0
github.com/nmelo/initech/cmd/status.go:118.3,120.16 3 0
github.com/nmelo/initech/cmd/status.go:120.16,122.4 1 0
github.com/nmelo/initech/cmd/status.go:123.3,123.18 1 0
github.com/nmelo/initech/cmd/status.go:123.18,125.4 1 0
github.com/nmelo/initech/cmd/status.go:128.3,129.20 2 0
github.com/nmelo/initech/cmd/status.go:129.20,131.4 1 0
github.com/nmelo/initech/cmd/status.go:133.3,133.36 1 0
github.com/nmelo/initech/cmd/status.go:133.36,135.23 2 0
github.com/nmelo/initech/cmd/status.go:135.23,137.5 1 0
github.com/nmelo/initech/cmd/status.go:138.4,139.16 2 0
github.com/nmelo/initech/cmd/status.go:139.16,141.5 1 0
github.com/nmelo/initech/cmd/status.go:144.3,144.17 1 0
github.com/nmelo/initech/cmd/status.go:144.17,146.21 2 0
github.com/nmelo/initech/cmd/status.go:146.21,148.5 1 0
github.com/nmelo/initech/cmd/status.go:149.4,155.5 1 0
github.com/nmelo/initech/cmd/status.go:156.9,163.4 1 0
github.com/nmelo/initech/cmd/status.go:165.2,167.12 2 0
github.com/nmelo/initech/cmd/status.go:171.35,172.9 1 1
github.com/nmelo/initech/cmd/status.go:173.64,174.24 1 1
github.com/nmelo/initech/cmd/status.go:175.37,176.22 1 1
github.com/nmelo/initech/cmd/status.go:177.39,178.25 1 1
github.com/nmelo/initech/cmd/status.go:179.19,180.22 1 1
github.com/nmelo/initech/cmd/status.go:181.20,182.26 1 1
github.com/nmelo/initech/cmd/status.go:183.10,184.11 1 1
github.com/nmelo/initech/cmd/status.go:188.66,191.53 2 1
github.com/nmelo/initech/cmd/status.go:191.53,193.3 1 1
github.com/nmelo/initech/cmd/status.go:195.2,196.16 2 1
github.com/nmelo/initech/cmd/status.go:196.16,198.17 2 0
github.com/nmelo/initech/cmd/status.go:198.17,200.4 1 0
github.com/nmelo/initech/cmd/status.go:203.2,204.60 2 1
github.com/nmelo/initech/cmd/status.go:204.60,205.49 1 1
github.com/nmelo/initech/cmd/status.go:205.49,207.18 2 1
github.com/nmelo/initech/cmd/status.go:207.18,208.13 1 0
github.com/nmelo/initech/cmd/status.go:210.4,211.59 2 1
github.com/nmelo/initech/cmd/status.go:211.59,213.5 1 1
github.com/nmelo/initech/cmd/status.go:217.2,217.26 1 1
github.com/nmelo/initech/cmd/status.go:217.26,218.77 1 1
github.com/nmelo/initech/cmd/status.go:218.77,220.4 1 1
github.com/nmelo/initech/cmd/status.go:223.2,223.15 1 1
github.com/nmelo/initech/cmd/stop.go:18.13,20.2 1 1
github.com/nmelo/initech/cmd/stop.go:22.55,24.16 2 0
github.com/nmelo/initech/cmd/stop.go:24.16,26.3 1 0
github.com/nmelo/initech/cmd/stop.go:28.2,29.32 2 0
github.com/nmelo/initech/cmd/stop.go:29.32,34.17 2 0
github.com/nmelo/initech/cmd/stop.go:34.17,36.12 2 0
github.com/nmelo/initech/cmd/stop.go:38.3,38.15 1 0
github.com/nmelo/initech/cmd/stop.go:38.15,40.12 2 0
github.com/nmelo/initech/cmd/stop.go:42.3,42.37 1 0
github.com/nmelo/initech/cmd/stop.go:42.37,44.4 1 0
github.com/nmelo/initech/cmd/stop.go:44.9,46.4 1 0
github.com/nmelo/initech/cmd/stop.go:48.2,48.12 1 0
github.com/nmelo/initech/cmd/update.go:30.13,34.2 3 1
github.com/nmelo/initech/cmd/update.go:36.57,40.25 2 0
github.com/nmelo/initech/cmd/update.go:40.25,42.3 1 0
github.com/nmelo/initech/cmd/update.go:44.2,51.16 4 0
github.com/nmelo/initech/cmd/update.go:51.16,53.3 1 0
github.com/nmelo/initech/cmd/update.go:55.2,57.16 3 0
github.com/nmelo/initech/cmd/update.go:57.16,59.3 1 0
github.com/nmelo/initech/cmd/update.go:60.2,60.12 1 0
github.com/nmelo/initech/cmd/update.go:60.12,63.3 2 0
github.com/nmelo/initech/cmd/update.go:65.2,67.17 2 0
github.com/nmelo/initech/cmd/update.go:67.17,68.97 1 0
github.com/nmelo/initech/cmd/update.go:68.97,72.4 3 0
github.com/nmelo/initech/cmd/update.go:72.9,74.4 1 0
github.com/nmelo/initech/cmd/update.go:75.3,75.13 1 0
github.com/nmelo/initech/cmd/update.go:78.2,78.61 1 0
github.com/nmelo/initech/cmd/update.go:78.61,81.3 2 0
github.com/nmelo/initech/cmd/update.go:83.2,86.16 3 0
github.com/nmelo/initech/cmd/update.go:86.16,88.3 1 0
github.com/nmelo/initech/cmd/update.go:89.2,90.16 2 0
github.com/nmelo/initech/cmd/update.go:90.16,92.3 1 0
github.com/nmelo/initech/cmd/update.go:94.2,94.63 1 0
github.com/nmelo/initech/cmd/update.go:94.63,96.3 1 0
github.com/nmelo/initech/cmd/update.go:98.2,101.44 2 0
github.com/nmelo/initech/cmd/update.go:101.44,105.3 3 0
github.com/nmelo/initech/cmd/update.go:107.2,107.12 1 0
github.com/nmelo/initech/cmd/update.go:111.43,117.28 5 1
github.com/nmelo/initech/cmd/update.go:117.28,119.3 1 0
github.com/nmelo/initech/cmd/update.go:120.2,120.25 1 1
github.com/nmelo/initech/cmd/update.go:120.25,121.20 1 1
github.com/nmelo/initech/cmd/update.go:121.20,123.4 1 1
github.com/nmelo/initech/cmd/update.go:124.3,124.20 1 1
github.com/nmelo/initech/cmd/update.go:124.20,126.4 1 1
github.com/nmelo/initech/cmd/update.go:128.2,128.14 1 1
github.com/nmelo/initech/cmd/update.go:131.33,133.20 2 1
github.com/nmelo/initech/cmd/update.go:133.20,135.3 1 0
github.com/nmelo/initech/cmd/update.go:136.2,137.30 2 1
github.com/nmelo/initech/cmd/update.go:137.30,139.49 1 1
github.com/nmelo/initech/cmd/update.go:139.49,141.4 1 0
github.com/nmelo/initech/cmd/update.go:142.3,143.17 2 1
github.com/nmelo/initech/cmd/update.go:143.17,145.4 1 0
github.com/nmelo/initech/cmd/update.go:146.3,146.14 1 1
github.com/nmelo/initech/cmd/update.go:148.2,148.13 1 1
github.com/nmelo/initech/cmd/update.go:152.31,154.16 2 1
github.com/nmelo/initech/cmd/update.go:154.16,156.3 1 0
github.com/nmelo/initech/cmd/update.go:157.2,160.45 2 1
github.com/nmelo/initech/cmd/update.go:165.32,167.16 2 1
github.com/nmelo/initech/cmd/update.go:167.16,169.3 1 0
github.com/nmelo/initech/cmd/update.go:170.2,171.16 2 1
github.com/nmelo/initech/cmd/update.go:171.16,173.3 1 1
github.com/nmelo/initech/cmd/update.go:174.2,178.16 4 1
github.com/nmelo/initech/cmd/update.go:178.16,180.3 1 0
github.com/nmelo/initech/cmd/update.go:181.2,182.16 2 1
github.com/nmelo/initech/cmd/update.go:182.16,184.3 1 0
github.com/nmelo/initech/cmd/update.go:186.2,187.16 2 1
github.com/nmelo/initech/cmd/update.go:187.16,189.3 1 0
github.com/nmelo/initech/cmd/update.go:191.2,191.43 1 1
github.com/nmelo/initech/cmd/update.go:191.43,193.3 1 1
github.com/nmelo/initech/cmd/update.go:194.2,194.18 1 0
github.com/nmelo/initech/internal/tui/backlog.go:24.49,32.6 4 0
github.com/nmelo/initech/internal/tui/backlog.go:32.6,33.10 1 0
github.com/nmelo/initech/internal/tui/backlog.go:34.19,35.10 1 0
github.com/nmelo/initech/internal/tui/backlog.go:36.19,36.19 0 0
github.com/nmelo/initech/internal/tui/backlog.go:41.3,42.26 2 0
github.com/nmelo/initech/internal/tui/backlog.go:42.26,44.4 1 0
github.com/nmelo/initech/internal/tui/backlog.go:44.6,46.4 1 0
github.com/nmelo/initech/internal/tui/backlog.go:49.3,49.30 1 0
github.com/nmelo/initech/internal/tui/backlog.go:49.30,51.27 2 0
github.com/nmelo/initech/internal/tui/backlog.go:51.27,52.18 1 0
github.com/nmelo/initech/internal/tui/backlog.go:52.18,54.11 2 0
github.com/nmelo/initech/internal/tui/backlog.go:57.4,57.18 1 0
github.com/nmelo/initech/internal/tui/backlog.go:57.18,59.24 2 0
github.com/nmelo/initech/internal/tui/backlog.go:59.24,60.54 1 0
github.com/nmelo/initech/internal/tui/backlog.go:60.54,62.7 1 0
github.com/nmelo/initech/internal/tui/backlog.go:67.3,67.21 1 0
github.com/nmelo/initech/internal/tui/backlog.go:67.21,68.12 1 0
github.com/nmelo/initech/internal/tui/backlog.go:72.3,73.22 2 0
github.com/nmelo/initech/internal/tui/backlog.go:73.22,75.23 1 0
github.com/nmelo/initech/internal/tui/backlog.go:75.23,76.31 1 0
github.com/nmelo/initech/internal/tui/backlog.go:76.31,77.54 1 0
github.com/nmelo/initech/internal/tui/backlog.go:77.54,79.7 1 0
github.com/nmelo/initech/internal/tui/backlog.go:82.4,82.12 1 0
github.com/nmelo/initech/internal/tui/backlog.go:86.3,86.22 1 0
github.com/nmelo/initech/internal/tui/backlog.go:86.22,87.30 1 0
github.com/nmelo/initech/internal/tui/backlog.go:87.30,88.53 1 0
github.com/nmelo/initech/internal/tui/backlog.go:88.53,90.6 1 0
github.com/nmelo/initech/internal/tui/backlog.go:93.3,93.29 1 0
github.com/nmelo/initech/internal/tui/backlog.go:93.29,94.22 1 0
github.com/nmelo/initech/internal/tui/backlog.go:94.22,95.13 1 0
github.com/nmelo/initech/internal/tui/backlog.go:97.4,103.6 2 0
github.com/nmelo/initech/internal/tui/backlog.go:110.48,112.28 2 1
github.com/nmelo/initech/internal/tui/backlog.go:112.28,113.67 1 1
github.com/nmelo/initech/internal/tui/backlog.go:113.67,115.4 1 1
github.com/nmelo/initech/internal/tui/backlog.go:117.2,117.14 1 1
github.com/nmelo/initech/internal/tui/backlog.go:123.44,125.29 2 1
github.com/nmelo/initech/internal/tui/backlog.go:125.29,127.3 1 1
github.com/nmelo/initech/internal/tui/backlog.go:128.2,129.60 2 1
github.com/nmelo/initech/internal/tui/backlog.go:129.60,131.3 1 1
github.com/nmelo/initech/internal/tui/backlog.go:132.2,132.19 1 1
github.com/nmelo/initech/internal/tui/battery_darwin.go:18.66,20.16 2 1
github.com/nmelo/initech/internal/tui/battery_darwin.go:20.16,22.3 1 0
github.com/nmelo/initech/internal/tui/battery_darwin.go:23.2,24.48 2 1
github.com/nmelo/initech/internal/tui/battery_darwin.go:24.48,26.3 1 0
github.com/nmelo/initech/internal/tui/battery_darwin.go:27.2,28.22 2 1
github.com/nmelo/initech/internal/tui/battery_darwin.go:28.22,30.3 1 0
github.com/nmelo/initech/internal/tui/battery_darwin.go:31.2,32.16 2 1
github.com/nmelo/initech/internal/tui/battery_darwin.go:32.16,34.3 1 0
github.com/nmelo/initech/internal/tui/battery_darwin.go:35.2,37.30 3 1
github.com/nmelo/initech/internal/tui/control_mux.go:40.47,49.2 3 1
[...]
github.com/nmelo/initech/internal/tui/timer.go:220.25,225.3 1 1
github.com/nmelo/initech/internal/tui/timer.go:225.8,227.3 1 1
github.com/nmelo/initech/internal/tui/timer.go:230.2,231.28 2 1
github.com/nmelo/initech/internal/tui/timer.go:231.28,232.23 1 1
github.com/nmelo/initech/internal/tui/timer.go:232.23,234.58 1 0
github.com/nmelo/initech/internal/tui/timer.go:234.58,236.10 2 0
github.com/nmelo/initech/internal/tui/timer.go:238.9,240.32 1 1
github.com/nmelo/initech/internal/tui/timer.go:240.32,242.10 2 1
github.com/nmelo/initech/internal/tui/timer.go:247.2,247.19 1 1
github.com/nmelo/initech/internal/tui/timer.go:247.19,249.23 2 1
github.com/nmelo/initech/internal/tui/timer.go:249.23,251.4 1 0
github.com/nmelo/initech/internal/tui/timer.go:252.3,254.9 2 1
github.com/nmelo/initech/internal/tui/timer.go:257.2,257.23 1 1
github.com/nmelo/initech/internal/tui/timer.go:257.23,261.3 2 1
github.com/nmelo/initech/internal/tui/timer.go:263.2,267.23 3 1
github.com/nmelo/initech/internal/tui/timer.go:267.23,269.3 1 0
github.com/nmelo/initech/internal/tui/timer.go:270.2,270.26 1 1
github.com/nmelo/initech/internal/tui/timer.go:270.26,277.3 1 1
github.com/nmelo/initech/internal/tui/top.go:14.32,15.72 1 1
github.com/nmelo/initech/internal/tui/top.go:15.72,17.3 1 1
github.com/nmelo/initech/internal/tui/top.go:18.2,19.29 2 1
github.com/nmelo/initech/internal/tui/top.go:19.29,25.38 2 1
github.com/nmelo/initech/internal/tui/top.go:25.38,27.4 1 1
github.com/nmelo/initech/internal/tui/top.go:28.3,28.31 1 1
github.com/nmelo/initech/internal/tui/top.go:28.31,30.18 2 1
github.com/nmelo/initech/internal/tui/top.go:30.18,35.19 4 0
github.com/nmelo/initech/internal/tui/top.go:35.19,37.20 2 0
github.com/nmelo/initech/internal/tui/top.go:37.20,39.7 1 0
github.com/nmelo/initech/internal/tui/top.go:43.3,43.17 1 1
github.com/nmelo/initech/internal/tui/top.go:45.2,46.30 2 1
github.com/nmelo/initech/internal/tui/top.go:50.53,51.18 1 1
github.com/nmelo/initech/internal/tui/top.go:52.39,54.15 2 1
github.com/nmelo/initech/internal/tui/top.go:55.19,56.25 1 1
github.com/nmelo/initech/internal/tui/top.go:56.25,58.4 1 1
github.com/nmelo/initech/internal/tui/top.go:59.3,59.15 1 1
github.com/nmelo/initech/internal/tui/top.go:60.21,61.38 1 1
github.com/nmelo/initech/internal/tui/top.go:61.38,63.4 1 1
github.com/nmelo/initech/internal/tui/top.go:64.3,64.15 1 1
github.com/nmelo/initech/internal/tui/top.go:65.21,66.20 1 1
github.com/nmelo/initech/internal/tui/top.go:67.12,69.16 2 1
github.com/nmelo/initech/internal/tui/top.go:70.12,71.60 1 0
github.com/nmelo/initech/internal/tui/top.go:71.60,73.12 2 0
github.com/nmelo/initech/internal/tui/top.go:73.12,75.6 1 0
github.com/nmelo/initech/internal/tui/top.go:76.5,79.18 4 0
github.com/nmelo/initech/internal/tui/top.go:79.18,81.6 1 0
github.com/nmelo/initech/internal/tui/top.go:82.5,82.17 1 0
github.com/nmelo/initech/internal/tui/top.go:82.17,84.6 1 0
github.com/nmelo/initech/internal/tui/top.go:85.5,89.19 5 0
github.com/nmelo/initech/internal/tui/top.go:89.19,91.6 1 0
github.com/nmelo/initech/internal/tui/top.go:91.11,98.6 6 0
github.com/nmelo/initech/internal/tui/top.go:99.5,99.34 1 0
github.com/nmelo/initech/internal/tui/top.go:101.4,101.16 1 0
github.com/nmelo/initech/internal/tui/top.go:102.12,103.60 1 1
github.com/nmelo/initech/internal/tui/top.go:103.60,105.12 2 1
github.com/nmelo/initech/internal/tui/top.go:105.12,107.6 1 0
github.com/nmelo/initech/internal/tui/top.go:108.5,108.45 1 1
github.com/nmelo/initech/internal/tui/top.go:108.45,110.6 1 0
github.com/nmelo/initech/internal/tui/top.go:111.5,114.34 4 1
github.com/nmelo/initech/internal/tui/top.go:116.4,116.16 1 1
github.com/nmelo/initech/internal/tui/top.go:117.12,118.60 1 1
github.com/nmelo/initech/internal/tui/top.go:118.60,120.36 2 1
github.com/nmelo/initech/internal/tui/top.go:120.36,122.6 1 0
github.com/nmelo/initech/internal/tui/top.go:123.5,123.35 1 1
github.com/nmelo/initech/internal/tui/top.go:123.35,125.55 2 1
github.com/nmelo/initech/internal/tui/top.go:125.55,127.7 1 1
github.com/nmelo/initech/internal/tui/top.go:128.11,130.55 2 1
github.com/nmelo/initech/internal/tui/top.go:130.55,132.7 1 1
github.com/nmelo/initech/internal/tui/top.go:134.5,135.34 2 1
github.com/nmelo/initech/internal/tui/top.go:137.4,137.16 1 1
github.com/nmelo/initech/internal/tui/top.go:138.12,139.60 1 1
github.com/nmelo/initech/internal/tui/top.go:139.60,141.35 2 1
github.com/nmelo/initech/internal/tui/top.go:141.35,143.6 1 1
github.com/nmelo/initech/internal/tui/top.go:143.11,144.39 1 1
github.com/nmelo/initech/internal/tui/top.go:144.39,145.38 1 1
github.com/nmelo/initech/internal/tui/top.go:145.38,147.8 1 0
github.com/nmelo/initech/internal/tui/top.go:148.7,148.40 1 1
github.com/nmelo/initech/internal/tui/top.go:151.5,153.34 3 1
github.com/nmelo/initech/internal/tui/top.go:155.4,155.16 1 1
github.com/nmelo/initech/internal/tui/top.go:156.12,158.16 2 1
github.com/nmelo/initech/internal/tui/top.go:161.2,161.14 1 0
github.com/nmelo/initech/internal/tui/top.go:165.27,169.23 4 1
github.com/nmelo/initech/internal/tui/top.go:169.23,172.3 2 1
github.com/nmelo/initech/internal/tui/top.go:174.2,189.15 14 1
github.com/nmelo/initech/internal/tui/top.go:189.15,191.3 1 0
github.com/nmelo/initech/internal/tui/top.go:194.2,195.88 2 1
github.com/nmelo/initech/internal/tui/top.go:195.88,208.3 12 1
github.com/nmelo/initech/internal/tui/top.go:211.2,213.29 3 1
github.com/nmelo/initech/internal/tui/top.go:213.29,214.36 1 1
github.com/nmelo/initech/internal/tui/top.go:214.36,216.9 2 1
github.com/nmelo/initech/internal/tui/top.go:219.2,220.16 2 1
github.com/nmelo/initech/internal/tui/top.go:220.16,222.3 1 1
github.com/nmelo/initech/internal/tui/top.go:223.2,225.20 3 1
github.com/nmelo/initech/internal/tui/top.go:225.20,227.3 1 0
github.com/nmelo/initech/internal/tui/top.go:228.2,228.27 1 1
github.com/nmelo/initech/internal/tui/top.go:228.27,229.24 1 1
github.com/nmelo/initech/internal/tui/top.go:229.24,231.4 1 1
github.com/nmelo/initech/internal/tui/top.go:234.2,237.28 3 1
github.com/nmelo/initech/internal/tui/top.go:237.28,239.3 1 1
github.com/nmelo/initech/internal/tui/top.go:240.2,243.31 3 1
github.com/nmelo/initech/internal/tui/top.go:243.31,245.102 2 1
github.com/nmelo/initech/internal/tui/top.go:245.102,247.4 1 1
github.com/nmelo/initech/internal/tui/top.go:247.9,247.99 1 1
github.com/nmelo/initech/internal/tui/top.go:247.99,249.4 1 1
github.com/nmelo/initech/internal/tui/top.go:250.3,250.26 1 1
github.com/nmelo/initech/internal/tui/top.go:250.26,252.4 1 1
github.com/nmelo/initech/internal/tui/top.go:254.3,255.16 2 1
github.com/nmelo/initech/internal/tui/top.go:255.16,257.4 1 1
github.com/nmelo/initech/internal/tui/top.go:258.3,259.17 2 1
github.com/nmelo/initech/internal/tui/top.go:259.17,261.4 1 1
github.com/nmelo/initech/internal/tui/top.go:262.3,263.16 2 1
github.com/nmelo/initech/internal/tui/top.go:263.16,265.4 1 1
github.com/nmelo/initech/internal/tui/top.go:266.3,267.16 2 1
github.com/nmelo/initech/internal/tui/top.go:267.16,269.23 2 1
github.com/nmelo/initech/internal/tui/top.go:269.23,271.5 1 1
github.com/nmelo/initech/internal/tui/top.go:271.10,271.27 1 1
github.com/nmelo/initech/internal/tui/top.go:271.27,273.5 1 1
github.com/nmelo/initech/internal/tui/top.go:273.10,275.5 1 1
github.com/nmelo/initech/internal/tui/top.go:277.3,278.19 2 1
github.com/nmelo/initech/internal/tui/top.go:278.19,280.4 1 1
github.com/nmelo/initech/internal/tui/top.go:281.3,281.19 1 1
github.com/nmelo/initech/internal/tui/top.go:281.19,283.4 1 0
github.com/nmelo/initech/internal/tui/top.go:284.3,286.16 3 1
github.com/nmelo/initech/internal/tui/top.go:286.16,287.9 1 0
github.com/nmelo/initech/internal/tui/top.go:292.2,294.18 3 1
github.com/nmelo/initech/internal/tui/top.go:294.18,296.3 1 1
github.com/nmelo/initech/internal/tui/top.go:297.2,299.31 3 1
github.com/nmelo/initech/internal/tui/top.go:299.31,300.16 1 1
github.com/nmelo/initech/internal/tui/top.go:300.16,302.4 1 1
github.com/nmelo/initech/internal/tui/top.go:302.9,304.4 1 1
github.com/nmelo/initech/internal/tui/top.go:306.2,307.29 2 1
github.com/nmelo/initech/internal/tui/top.go:307.29,308.15 1 1
github.com/nmelo/initech/internal/tui/top.go:308.15,310.4 1 1
github.com/nmelo/initech/internal/tui/top.go:314.2,315.26 2 1
github.com/nmelo/initech/internal/tui/top.go:315.26,316.15 1 1
github.com/nmelo/initech/internal/tui/top.go:316.15,318.4 1 1
github.com/nmelo/initech/internal/tui/top.go:325.38,326.18 1 1
github.com/nmelo/initech/internal/tui/top.go:326.18,328.3 1 1
github.com/nmelo/initech/internal/tui/top.go:328.8,328.23 1 1
github.com/nmelo/initech/internal/tui/top.go:328.23,330.3 1 1
github.com/nmelo/initech/internal/tui/top.go:331.2,331.33 1 1
github.com/nmelo/initech/internal/tui/tui.go:201.29,203.21 2 1
github.com/nmelo/initech/internal/tui/tui.go:203.21,205.3 1 1
github.com/nmelo/initech/internal/tui/tui.go:205.8,207.3 1 1
github.com/nmelo/initech/internal/tui/tui.go:209.2,210.15 2 1
github.com/nmelo/initech/internal/tui/tui.go:210.15,212.3 1 0
github.com/nmelo/initech/internal/tui/tui.go:213.2,221.33 4 1
github.com/nmelo/initech/internal/tui/tui.go:221.33,223.3 1 1
github.com/nmelo/initech/internal/tui/tui.go:226.2,226.21 1 1
github.com/nmelo/initech/internal/tui/tui.go:226.21,228.3 1 1
github.com/nmelo/initech/internal/tui/tui.go:229.2,229.34 1 1
github.com/nmelo/initech/internal/tui/tui.go:229.34,231.23 2 1
github.com/nmelo/initech/internal/tui/tui.go:231.23,232.37 1 1
github.com/nmelo/initech/internal/tui/tui.go:232.37,234.5 1 1
github.com/nmelo/initech/internal/tui/tui.go:234.10,234.50 1 0
github.com/nmelo/initech/internal/tui/tui.go:234.50,236.5 1 0
github.com/nmelo/initech/internal/tui/tui.go:237.4,240.75 4 1
github.com/nmelo/initech/internal/tui/tui.go:243.2,243.48 1 1
github.com/nmelo/initech/internal/tui/tui.go:248.40,249.25 1 1
github.com/nmelo/initech/internal/tui/tui.go:249.25,251.3 1 1
github.com/nmelo/initech/internal/tui/tui.go:253.2,254.28 2 1
github.com/nmelo/initech/internal/tui/tui.go:254.28,256.3 1 1
github.com/nmelo/initech/internal/tui/tui.go:257.2,257.65 1 1
github.com/nmelo/initech/internal/tui/tui.go:257.65,259.3 1 0
github.com/nmelo/initech/internal/tui/tui.go:265.38,267.28 2 1
github.com/nmelo/initech/internal/tui/tui.go:267.28,268.24 1 1
github.com/nmelo/initech/internal/tui/tui.go:268.24,270.4 1 1
github.com/nmelo/initech/internal/tui/tui.go:272.2,272.12 1 1
github.com/nmelo/initech/internal/tui/tui.go:278.34,279.28 1 0
github.com/nmelo/initech/internal/tui/tui.go:279.28,280.36 1 0
github.com/nmelo/initech/internal/tui/tui.go:280.36,282.4 1 0
github.com/nmelo/initech/internal/tui/tui.go:288.32,290.18 2 0
github.com/nmelo/initech/internal/tui/tui.go:290.18,292.22 2 0
github.com/nmelo/initech/internal/tui/tui.go:292.22,293.18 1 0
github.com/nmelo/initech/internal/tui/tui.go:293.18,296.5 2 0
github.com/nmelo/initech/internal/tui/tui.go:297.4,297.19 1 0
github.com/nmelo/initech/internal/tui/tui.go:297.19,300.5 2 0
github.com/nmelo/initech/internal/tui/tui.go:301.4,302.83 2 0
github.com/nmelo/initech/internal/tui/tui.go:323.29,326.26 3 1
github.com/nmelo/initech/internal/tui/tui.go:326.26,328.3 1 1
github.com/nmelo/initech/internal/tui/tui.go:329.2,329.31 1 1
github.com/nmelo/initech/internal/tui/tui.go:333.28,341.16 4 0
github.com/nmelo/initech/internal/tui/tui.go:341.16,343.3 1 0
github.com/nmelo/initech/internal/tui/tui.go:344.2,344.38 1 0
github.com/nmelo/initech/internal/tui/tui.go:344.38,346.3 1 0
github.com/nmelo/initech/internal/tui/tui.go:347.2,354.17 6 0
github.com/nmelo/initech/internal/tui/tui.go:354.17,356.3 1 0
github.com/nmelo/initech/internal/tui/tui.go:357.2,376.15 8 0
github.com/nmelo/initech/internal/tui/tui.go:376.15,377.31 1 0
github.com/nmelo/initech/internal/tui/tui.go:377.31,383.4 5 0
github.com/nmelo/initech/internal/tui/tui.go:390.2,398.31 7 0
github.com/nmelo/initech/internal/tui/tui.go:398.31,400.3 1 0
github.com/nmelo/initech/internal/tui/tui.go:403.2,403.46 1 0
github.com/nmelo/initech/internal/tui/tui.go:403.46,405.3 1 0
github.com/nmelo/initech/internal/tui/tui.go:408.2,410.47 3 0
github.com/nmelo/initech/internal/tui/tui.go:410.47,411.63 1 0
github.com/nmelo/initech/internal/tui/tui.go:411.63,413.4 1 0
github.com/nmelo/initech/internal/tui/tui.go:413.9,416.4 2 0
github.com/nmelo/initech/internal/tui/tui.go:417.8,419.3 1 0
github.com/nmelo/initech/internal/tui/tui.go:421.2,446.15 3 0
github.com/nmelo/initech/internal/tui/tui.go:446.15,447.30 1 0
github.com/nmelo/initech/internal/tui/tui.go:447.30,450.4 1 0
github.com/nmelo/initech/internal/tui/tui.go:454.2,454.17 1 0
github.com/nmelo/initech/internal/tui/tui.go:454.17,456.3 1 0
github.com/nmelo/initech/internal/tui/tui.go:459.2,461.16 3 0
github.com/nmelo/initech/internal/tui/tui.go:461.16,464.3 2 0
github.com/nmelo/initech/internal/tui/tui.go:465.2,471.19 4 0
github.com/nmelo/initech/internal/tui/tui.go:471.19,473.3 1 0
github.com/nmelo/initech/internal/tui/tui.go:474.2,479.28 3 0
github.com/nmelo/initech/internal/tui/tui.go:479.28,484.3 1 0
github.com/nmelo/initech/internal/tui/tui.go:487.2,487.34 1 0
github.com/nmelo/initech/internal/tui/tui.go:487.34,491.17 4 0
github.com/nmelo/initech/internal/tui/tui.go:491.17,493.37 2 0
github.com/nmelo/initech/internal/tui/tui.go:493.37,495.5 1 0
github.com/nmelo/initech/internal/tui/tui.go:496.4,496.59 1 0
github.com/nmelo/initech/internal/tui/tui.go:498.3,503.66 6 0
github.com/nmelo/initech/internal/tui/tui.go:510.2,510.56 1 0
github.com/nmelo/initech/internal/tui/tui.go:510.56,511.77 1 0
github.com/nmelo/initech/internal/tui/tui.go:511.77,512.23 1 0
github.com/nmelo/initech/internal/tui/tui.go:512.23,514.5 1 0
github.com/nmelo/initech/internal/tui/tui.go:515.50,518.23 2 0
github.com/nmelo/initech/internal/tui/tui.go:518.23,518.56 1 0
github.com/nmelo/initech/internal/tui/tui.go:519.4,519.17 1 0
github.com/nmelo/initech/internal/tui/tui.go:519.17,521.5 1 0
github.com/nmelo/initech/internal/tui/tui.go:522.4,523.14 2 0
github.com/nmelo/initech/internal/tui/tui.go:525.3,525.16 1 0
github.com/nmelo/initech/internal/tui/tui.go:525.16,527.14 2 0
github.com/nmelo/initech/internal/tui/tui.go:527.14,530.5 2 0
github.com/nmelo/initech/internal/tui/tui.go:531.4,531.11 1 0
github.com/nmelo/initech/internal/tui/tui.go:532.16,532.16 0 0
github.com/nmelo/initech/internal/tui/tui.go:533.39,534.72 1 0
github.com/nmelo/initech/internal/tui/tui.go:540.2,540.28 1 0
github.com/nmelo/initech/internal/tui/tui.go:540.28,541.39 1 0
github.com/nmelo/initech/internal/tui/tui.go:541.39,542.31 1 0
github.com/nmelo/initech/internal/tui/tui.go:542.31,544.5 1 0
github.com/nmelo/initech/internal/tui/tui.go:549.2,549.34 1 0
github.com/nmelo/initech/internal/tui/tui.go:549.34,551.3 1 0
github.com/nmelo/initech/internal/tui/tui.go:554.2,555.15 2 0
github.com/nmelo/initech/internal/tui/tui.go:555.15,560.13 2 0
github.com/nmelo/initech/internal/tui/tui.go:560.13,561.30 1 0
github.com/nmelo/initech/internal/tui/tui.go:561.30,563.5 1 0
github.com/nmelo/initech/internal/tui/tui.go:564.4,564.15 1 0
github.com/nmelo/initech/internal/tui/tui.go:566.3,566.10 1 0
github.com/nmelo/initech/internal/tui/tui.go:567.15,567.15 0 0
github.com/nmelo/initech/internal/tui/tui.go:568.38,569.67 1 0
github.com/nmelo/initech/internal/tui/tui.go:575.2,578.49 2 0
github.com/nmelo/initech/internal/tui/tui.go:578.49,579.19 1 0
github.com/nmelo/initech/internal/tui/tui.go:579.19,579.61 1 0
github.com/nmelo/initech/internal/tui/tui.go:583.2,583.19 1 0
github.com/nmelo/initech/internal/tui/tui.go:583.19,585.3 1 0
github.com/nmelo/initech/internal/tui/tui.go:588.2,592.18 3 0
github.com/nmelo/initech/internal/tui/tui.go:592.18,593.7 1 0
github.com/nmelo/initech/internal/tui/tui.go:593.7,595.17 2 0
github.com/nmelo/initech/internal/tui/tui.go:595.17,597.5 1 0
github.com/nmelo/initech/internal/tui/tui.go:598.4,598.17 1 0
github.com/nmelo/initech/internal/tui/tui.go:603.2,603.29 1 0
github.com/nmelo/initech/internal/tui/tui.go:603.29,604.19 1 0
github.com/nmelo/initech/internal/tui/tui.go:604.19,605.54 1 0
github.com/nmelo/initech/internal/tui/tui.go:605.54,606.24 1 0
github.com/nmelo/initech/internal/tui/tui.go:606.24,606.51 1 0
github.com/nmelo/initech/internal/tui/tui.go:613.2,621.6 5 0
github.com/nmelo/initech/internal/tui/tui.go:621.6,622.10 1 0
github.com/nmelo/initech/internal/tui/tui.go:623.24,624.25 1 0
github.com/nmelo/initech/internal/tui/tui.go:624.25,626.5 1 0
github.com/nmelo/initech/internal/tui/tui.go:627.30,628.26 1 0
github.com/nmelo/initech/internal/tui/tui.go:629.24,634.64 5 0
github.com/nmelo/initech/internal/tui/tui.go:635.19,640.65 4 0
github.com/nmelo/initech/internal/tui/tui.go:640.65,642.5 1 0
github.com/nmelo/initech/internal/tui/tui.go:643.4,645.18 3 0
github.com/nmelo/initech/internal/tui/tui.go:646.19,647.14 1 0
github.com/nmelo/initech/internal/tui/tui.go:651.3,657.13 2 0
github.com/nmelo/initech/internal/tui/tui.go:661.48,662.25 1 1
github.com/nmelo/initech/internal/tui/tui.go:663.23,664.25 1 1
github.com/nmelo/initech/internal/tui/tui.go:665.25,666.20 1 1
github.com/nmelo/initech/internal/tui/tui.go:667.26,668.19 1 1
github.com/nmelo/initech/internal/tui/tui.go:669.25,670.37 1 1
github.com/nmelo/initech/internal/tui/tui.go:670.37,671.31 1 1
github.com/nmelo/initech/internal/tui/tui.go:671.31,673.5 1 1
github.com/nmelo/initech/internal/tui/tui.go:676.2,676.14 1 1
github.com/nmelo/initech/internal/tui/tui.go:680.39,681.9 1 1
github.com/nmelo/initech/internal/tui/tui.go:682.14,683.14 1 1
github.com/nmelo/initech/internal/tui/tui.go:684.14,685.14 1 1
github.com/nmelo/initech/internal/tui/tui.go:686.14,687.14 1 1
github.com/nmelo/initech/internal/tui/tui.go:688.14,689.14 1 1
github.com/nmelo/initech/internal/tui/tui.go:690.14,691.14 1 1
github.com/nmelo/initech/internal/tui/tui.go:692.14,693.14 1 1
github.com/nmelo/initech/internal/tui/tui.go:694.15,695.14 1 1
github.com/nmelo/initech/internal/tui/tui.go:696.10,699.9 3 1
github.com/nmelo/initech/internal/tui/tui.go:710.38,711.11 1 1
github.com/nmelo/initech/internal/tui/tui.go:711.11,713.3 1 1
github.com/nmelo/initech/internal/tui/tui.go:713.8,713.45 1 1
github.com/nmelo/initech/internal/tui/tui.go:713.45,716.3 2 1
github.com/nmelo/initech/internal/tui/tui.go:717.2,718.13 2 1
github.com/nmelo/initech/internal/tui/tui.go:718.13,722.3 3 1
github.com/nmelo/initech/internal/tui/tui.go:723.2,723.17 1 1
github.com/nmelo/initech/internal/tui/tui.go:729.70,736.28 3 1
github.com/nmelo/initech/internal/tui/tui.go:736.28,737.61 1 1
github.com/nmelo/initech/internal/tui/tui.go:737.61,739.12 2 0
github.com/nmelo/initech/internal/tui/tui.go:741.3,741.25 1 1
github.com/nmelo/initech/internal/tui/tui.go:745.2,745.23 1 1
github.com/nmelo/initech/internal/tui/tui.go:745.23,747.3 1 1
github.com/nmelo/initech/internal/tui/tui.go:748.2,751.83 4 1
github.com/nmelo/initech/internal/tui/tui.go:756.57,757.12 1 1
github.com/nmelo/initech/internal/tui/tui.go:757.12,759.3 1 1
github.com/nmelo/initech/internal/tui/tui.go:761.2,764.20 4 1
github.com/nmelo/initech/internal/tui/tui.go:764.20,766.3 1 0
github.com/nmelo/initech/internal/tui/tui.go:768.2,774.34 6 1
github.com/nmelo/initech/internal/tui/tui.go:774.34,776.17 2 1
github.com/nmelo/initech/internal/tui/tui.go:776.17,778.4 1 1
github.com/nmelo/initech/internal/tui/tui.go:779.3,780.9 2 1
github.com/nmelo/initech/internal/tui/tui.go:782.2,782.16 1 1
github.com/nmelo/initech/internal/tui/watchdog.go:21.119,26.6 4 1
github.com/nmelo/initech/internal/tui/watchdog.go:26.6,27.10 1 1
github.com/nmelo/initech/internal/tui/watchdog.go:28.19,30.17 2 1
github.com/nmelo/initech/internal/tui/watchdog.go:30.17,31.13 1 0
github.com/nmelo/initech/internal/tui/watchdog.go:33.4,34.25 2 1
github.com/nmelo/initech/internal/tui/watchdog.go:34.25,38.5 2 1
github.com/nmelo/initech/internal/tui/watchdog.go:39.15,40.10 1 1
github.com/nmelo/initech/internal/tui/watchdog.go:48.75,67.23 6 1
github.com/nmelo/initech/internal/tui/watchdog.go:67.23,71.89 4 1
github.com/nmelo/initech/internal/tui/watchdog.go:71.89,75.4 3 1
